[INFO  - 2017-08-25T06:44:44.448Z] GhostDriver - Main - running on port 56143
[INFO  - 2017-08-25T06:44:45.174Z] Session [e1870f00-8960-11e7-81c4-07f652e0e451] - page.settings - {"XSSAuditingEnabled":false,"javascriptCanCloseWindows":true,"javascriptCanOpenWindows":true,"javascriptEnabled":true,"loadImages":true,"localToRemoteUrlAccessEnabled":false,"userAgent":"Mozilla/5.0 (Unknown; Linux x86_64) AppleWebKit/538.1 (KHTML, like Gecko) PhantomJS/2.1.1 Safari/538.1","webSecurityEnabled":true}
[INFO  - 2017-08-25T06:44:45.174Z] Session [e1870f00-8960-11e7-81c4-07f652e0e451] - page.customHeaders:  - {}
[INFO  - 2017-08-25T06:44:45.174Z] Session [e1870f00-8960-11e7-81c4-07f652e0e451] - Session.negotiatedCapabilities - {"browserName":"phantomjs","version":"2.1.1","driverName":"ghostdriver","driverVersion":"1.2.0","platform":"linux-unknown-64bit","javascriptEnabled":true,"takesScreenshot":true,"handlesAlerts":false,"databaseEnabled":false,"locationContextEnabled":false,"applicationCacheEnabled":false,"browserConnectionEnabled":false,"cssSelectorsEnabled":true,"webStorageEnabled":false,"rotatable":false,"acceptSslCerts":false,"nativeEvents":true,"proxy":{"proxyType":"direct"}}
[INFO  - 2017-08-25T06:44:45.174Z] SessionManagerReqHand - _postNewSessionCommand - New Session Created: e1870f00-8960-11e7-81c4-07f652e0e451
[ERROR - 2017-08-25T06:45:09.252Z] WebElementLocator - _handleLocateCommand - Element(s) NOT Found: GAVE UP. Search Stop Time: 1503643509221

  phantomjs://platform/console++.js:263 in error
[ERROR - 2017-08-25T06:45:09.776Z] WebElementLocator - _handleLocateCommand - Element(s) NOT Found: GAVE UP. Search Stop Time: 1503643509754

  phantomjs://platform/console++.js:263 in error
[ERROR - 2017-08-25T06:45:10.716Z] WebElementLocator - _handleLocateCommand - Element(s) NOT Found: GAVE UP. Search Stop Time: 1503643510695

  phantomjs://platform/console++.js:263 in error
[ERROR - 2017-08-25T06:45:11.661Z] WebElementLocator - _handleLocateCommand - Element(s) NOT Found: GAVE UP. Search Stop Time: 1503643511640

  phantomjs://platform/console++.js:263 in error
[ERROR - 2017-08-25T06:45:12.604Z] WebElementLocator - _handleLocateCommand - Element(s) NOT Found: GAVE UP. Search Stop Time: 1503643512584

  phantomjs://platform/console++.js:263 in error
[ERROR - 2017-08-25T06:45:13.542Z] WebElementLocator - _handleLocateCommand - Element(s) NOT Found: GAVE UP. Search Stop Time: 1503643513521

  phantomjs://platform/console++.js:263 in error
[ERROR - 2017-08-25T06:45:14.487Z] WebElementLocator - _handleLocateCommand - Element(s) NOT Found: GAVE UP. Search Stop Time: 1503643514458

  phantomjs://platform/console++.js:263 in error
[ERROR - 2017-08-25T06:45:15.430Z] WebElementLocator - _handleLocateCommand - Element(s) NOT Found: GAVE UP. Search Stop Time: 1503643515401

  phantomjs://platform/console++.js:263 in error
[ERROR - 2017-08-25T06:45:15.862Z] WebElementLocator - _handleLocateCommand - Element(s) NOT Found: GAVE UP. Search Stop Time: 1503643515841

  phantomjs://platform/console++.js:263 in error
[ERROR - 2017-08-25T06:45:16.802Z] WebElementLocator - _handleLocateCommand - Element(s) NOT Found: GAVE UP. Search Stop Time: 1503643516782

  phantomjs://platform/console++.js:263 in error
[ERROR - 2017-08-25T06:45:17.736Z] WebElementLocator - _handleLocateCommand - Element(s) NOT Found: GAVE UP. Search Stop Time: 1503643517716

  phantomjs://platform/console++.js:263 in error
[ERROR - 2017-08-25T06:45:18.670Z] WebElementLocator - _handleLocateCommand - Element(s) NOT Found: GAVE UP. Search Stop Time: 1503643518649

  phantomjs://platform/console++.js:263 in error
[ERROR - 2017-08-25T06:45:19.603Z] WebElementLocator - _handleLocateCommand - Element(s) NOT Found: GAVE UP. Search Stop Time: 1503643519583

  phantomjs://platform/console++.js:263 in error
[ERROR - 2017-08-25T06:45:20.540Z] WebElementLocator - _handleLocateCommand - Element(s) NOT Found: GAVE UP. Search Stop Time: 1503643520519

  phantomjs://platform/console++.js:263 in error
[ERROR - 2017-08-25T06:45:21.486Z] WebElementLocator - _handleLocateCommand - Element(s) NOT Found: GAVE UP. Search Stop Time: 1503643521457

  phantomjs://platform/console++.js:263 in error
[ERROR - 2017-08-25T06:45:21.922Z] WebElementLocator - _handleLocateCommand - Element(s) NOT Found: GAVE UP. Search Stop Time: 1503643521901

  phantomjs://platform/console++.js:263 in error
[ERROR - 2017-08-25T06:45:22.854Z] WebElementLocator - _handleLocateCommand - Element(s) NOT Found: GAVE UP. Search Stop Time: 1503643522834

  phantomjs://platform/console++.js:263 in error
[ERROR - 2017-08-25T06:45:23.792Z] WebElementLocator - _handleLocateCommand - Element(s) NOT Found: GAVE UP. Search Stop Time: 1503643523770

  phantomjs://platform/console++.js:263 in error
[ERROR - 2017-08-25T06:45:24.736Z] WebElementLocator - _handleLocateCommand - Element(s) NOT Found: GAVE UP. Search Stop Time: 1503643524707

  phantomjs://platform/console++.js:263 in error
[ERROR - 2017-08-25T06:45:25.669Z] WebElementLocator - _handleLocateCommand - Element(s) NOT Found: GAVE UP. Search Stop Time: 1503643525647

  phantomjs://platform/console++.js:263 in error
[ERROR - 2017-08-25T06:45:26.605Z] WebElementLocator - _handleLocateCommand - Element(s) NOT Found: GAVE UP. Search Stop Time: 1503643526583

  phantomjs://platform/console++.js:263 in error
