2017-04-06 13:16:42,453 - __main__ - INFO - *****************************
2017-04-06 13:16:42,453 - __main__ - INFO - Starting Scrapping task
2017-04-06 13:18:18,362 - __main__ - INFO - Scrapping task completed
2017-04-06 13:18:18,370 - __main__ - INFO - *****************************
2017-04-06 13:19:58,378 - __main__ - INFO - *****************************
2017-04-06 13:19:58,380 - __main__ - INFO - Starting Scrapping task
2017-04-06 13:20:43,585 - __main__ - INFO - Scrapping task completed
2017-04-06 13:20:43,592 - __main__ - INFO - *****************************
2017-04-06 13:23:08,616 - __main__ - INFO - *****************************
2017-04-06 13:23:08,616 - __main__ - INFO - Starting Scrapping task
2017-04-06 13:24:05,709 - __main__ - INFO - Scrapping task completed
2017-04-06 13:24:05,718 - __main__ - INFO - *****************************
2017-04-06 13:24:05,726 - __main__ - INFO - *****************************
2017-04-06 13:24:05,726 - __main__ - INFO - Starting comparision task
2017-04-06 13:24:05,745 - __main__ - INFO - Comparision task completed
2017-04-06 13:24:05,747 - __main__ - INFO - *****************************
2017-04-06 13:24:05,747 - __main__ - INFO - *****************************
2017-04-06 13:24:05,748 - __main__ - INFO - Closing Comparator.
2017-04-06 13:24:05,748 - __main__ - INFO - *****************************
2017-04-06 13:30:57,879 - __main__ - INFO - *****************************
2017-04-06 13:30:57,880 - __main__ - INFO - Starting Scrapping task
2017-04-06 13:31:41,581 - __main__ - INFO - *****************************
2017-04-06 13:31:41,582 - __main__ - INFO - Starting Scrapping task
2017-04-06 13:32:21,608 - __main__ - INFO - Scrapping task completed
2017-04-06 13:32:21,627 - __main__ - INFO - *****************************
2017-04-06 13:32:21,638 - __main__ - INFO - *****************************
2017-04-06 13:32:21,639 - __main__ - INFO - Starting comparision task
2017-04-06 13:32:21,661 - __main__ - INFO - Comparision task completed
2017-04-06 13:32:21,664 - __main__ - INFO - *****************************
2017-04-06 13:32:21,665 - __main__ - INFO - *****************************
2017-04-06 13:32:21,666 - __main__ - INFO - Closing Comparator.
2017-04-06 13:32:21,666 - __main__ - INFO - *****************************
