
2017-05-09 17:36:42,371 - __main__ - INFO - *****************************
2017-05-09 17:36:42,372 - __main__ - INFO - Starting Scrapping task
2017-05-09 17:37:10,443 - __main__ - INFO - ['VOTIVE', u'CHOOSE AN OPTION...;;ANTIQUE;;BLACK;;BRONZE;;BRUSHED BLACK/GOLD;;BRUSHED BLACK/SILVER;;GOLD;;REPOUSEE COPPER;;REPOUSEE SILVER;;SPECKLE BLACK/SILVER']
2017-05-09 17:37:10,449 - __main__ - INFO - Scrapping task completed
2017-05-09 17:37:10,503 - __main__ - INFO - *****************************
2017-05-09 17:37:10,512 - __main__ - INFO - *****************************
2017-05-09 17:37:10,512 - __main__ - INFO - Starting comparision task
2017-05-09 17:37:10,524 - __main__ - INFO - Comparision task completed
2017-05-09 17:37:10,549 - __main__ - INFO - *****************************
2017-05-09 17:40:33,403 - __main__ - INFO - *****************************
2017-05-09 17:40:33,403 - __main__ - INFO - Starting Scrapping task
2017-05-09 17:43:32,201 - __main__ - INFO - ['VOTIVE', u'CHOOSE AN OPTION...;;ANTIQUE;;BLACK;;BRONZE;;BRUSHED BLACK/GOLD;;BRUSHED BLACK/SILVER;;GOLD;;REPOUSEE COPPER;;REPOUSEE SILVER;;SPECKLE BLACK/SILVER']
2017-05-09 17:43:32,207 - __main__ - INFO - Scrapping task completed
2017-05-09 17:43:32,263 - __main__ - INFO - *****************************
2017-05-09 17:43:32,272 - __main__ - INFO - *****************************
2017-05-09 17:43:32,272 - __main__ - INFO - Starting comparision task
2017-05-09 17:43:32,281 - __main__ - INFO - Comparision task completed
2017-05-09 17:43:32,287 - __main__ - INFO - *****************************
2017-05-09 17:45:33,874 - __main__ - INFO - *****************************
2017-05-09 17:45:33,875 - __main__ - INFO - Starting Scrapping task
2017-05-09 17:49:20,774 - __main__ - INFO - *****************************
2017-05-09 17:49:20,774 - __main__ - INFO - Starting Scrapping task
2017-05-09 17:50:11,217 - __main__ - INFO - ['VOTIVE', u'CHOOSE AN OPTION...;;ANTIQUE;;BLACK;;BRONZE;;BRUSHED BLACK/GOLD;;BRUSHED BLACK/SILVER;;GOLD;;REPOUSEE COPPER;;REPOUSEE SILVER;;SPECKLE BLACK/SILVER']
2017-05-09 17:50:11,224 - __main__ - INFO - Scrapping task completed
2017-05-09 17:50:11,268 - __main__ - INFO - *****************************
2017-05-09 17:50:11,279 - __main__ - INFO - *****************************
2017-05-09 17:50:11,279 - __main__ - INFO - Starting comparision task
2017-05-09 17:50:11,295 - __main__ - INFO - Comparision task completed
2017-05-09 17:50:11,299 - __main__ - INFO - *****************************
2017-05-11 15:59:32,210 - __main__ - INFO - *****************************
2017-05-11 15:59:32,239 - __main__ - INFO - Starting Scrapping task
2017-05-11 16:00:00,730 - __main__ - INFO - ['VOTIVE', u'CHOOSE AN OPTION...;;ANTIQUE;;BLACK;;BRONZE;;BRUSHED BLACK/GOLD;;BRUSHED BLACK/SILVER;;GOLD;;REPOUSEE COPPER;;REPOUSEE SILVER;;SPECKLE BLACK/SILVER']
2017-05-11 16:00:00,736 - __main__ - INFO - Scrapping task completed
2017-05-11 16:00:00,783 - __main__ - INFO - *****************************
2017-05-11 16:00:00,789 - __main__ - INFO - *****************************
2017-05-11 16:00:00,790 - __main__ - INFO - Starting comparision task
2017-05-11 16:00:00,801 - __main__ - INFO - Comparision task completed
2017-05-11 16:00:00,807 - __main__ - INFO - *****************************
2017-05-11 16:08:11,824 - __main__ - INFO - *****************************
2017-05-11 16:08:11,825 - __main__ - INFO - Starting Scrapping task
2017-05-11 16:08:37,602 - __main__ - INFO - ['VOTIVE', '19x01_6_27_2008_10_15_42_am.jpg', u'CHOOSE AN OPTION...;;ANTIQUE;;BLACK;;BRONZE;;BRUSHED BLACK/GOLD;;BRUSHED BLACK/SILVER;;GOLD;;REPOUSEE COPPER;;REPOUSEE SILVER;;SPECKLE BLACK/SILVER']
2017-05-11 16:08:37,609 - __main__ - INFO - Scrapping task completed
2017-05-11 16:08:37,650 - __main__ - INFO - *****************************
2017-05-11 16:08:37,658 - __main__ - INFO - *****************************
2017-05-11 16:08:37,659 - __main__ - INFO - Starting comparision task
2017-05-11 16:09:57,252 - __main__ - INFO - *****************************
2017-05-11 16:09:57,253 - __main__ - INFO - Starting Scrapping task
2017-05-11 16:10:18,613 - __main__ - INFO - ['VOTIVE', '/19x01_6_27_2008_10_15_42_am.jpg', u'CHOOSE AN OPTION...;;ANTIQUE;;BLACK;;BRONZE;;BRUSHED BLACK/GOLD;;BRUSHED BLACK/SILVER;;GOLD;;REPOUSEE COPPER;;REPOUSEE SILVER;;SPECKLE BLACK/SILVER']
2017-05-11 16:10:18,619 - __main__ - INFO - Scrapping task completed
2017-05-11 16:10:18,681 - __main__ - INFO - *****************************
2017-05-11 16:10:18,692 - __main__ - INFO - *****************************
2017-05-11 16:10:18,693 - __main__ - INFO - Starting comparision task
2017-05-11 16:10:18,705 - __main__ - INFO - Comparision task completed
2017-05-11 16:10:18,712 - __main__ - INFO - *****************************
2017-05-11 16:20:37,339 - __main__ - INFO - *****************************
2017-05-11 16:20:37,340 - __main__ - INFO - Starting Scrapping task
2017-05-11 16:21:10,957 - __main__ - INFO - ['VOTIVE', '/19x01_6_27_2008_10_15_42_am.jpg', u'CHOOSE AN OPTION...;;ANTIQUE;;BLACK;;BRONZE;;BRUSHED BLACK/GOLD;;BRUSHED BLACK/SILVER;;GOLD;;REPOUSEE COPPER;;REPOUSEE SILVER;;SPECKLE BLACK/SILVER']
2017-05-11 16:21:10,964 - __main__ - INFO - Scrapping task completed
2017-05-11 16:21:11,009 - __main__ - INFO - *****************************
2017-05-11 16:21:11,019 - __main__ - INFO - *****************************
2017-05-11 16:21:11,019 - __main__ - INFO - Starting comparision task
2017-05-11 16:21:47,970 - __main__ - INFO - *****************************
2017-05-11 16:21:47,970 - __main__ - INFO - Starting Scrapping task
2017-05-11 16:22:21,805 - __main__ - INFO - ['VOTIVE', '/19x01_6_27_2008_10_15_42_am.jpg', u'CHOOSE AN OPTION...;;ANTIQUE;;BLACK;;BRONZE;;BRUSHED BLACK/GOLD;;BRUSHED BLACK/SILVER;;GOLD;;REPOUSEE COPPER;;REPOUSEE SILVER;;SPECKLE BLACK/SILVER']
2017-05-11 16:22:21,812 - __main__ - INFO - Scrapping task completed
2017-05-11 16:22:21,865 - __main__ - INFO - *****************************
2017-05-11 16:22:21,877 - __main__ - INFO - *****************************
2017-05-11 16:22:21,877 - __main__ - INFO - Starting comparision task
2017-05-11 16:22:21,906 - __main__ - INFO - Comparision task completed
2017-05-11 16:22:21,914 - __main__ - INFO - *****************************
2017-05-11 17:16:51,086 - __main__ - INFO - *****************************
2017-05-11 17:16:51,087 - __main__ - INFO - Starting Scrapping task
2017-05-11 17:17:29,420 - __main__ - INFO - ['Kickstart Your Heart Dress \xe2\x80\x93 Seafoam', '/355a5904_1_1.jpg', None]
2017-05-11 17:17:29,444 - __main__ - INFO - Scrapping task completed
2017-05-11 17:17:29,538 - __main__ - INFO - *****************************
2017-05-11 17:17:29,547 - __main__ - INFO - *****************************
2017-05-11 17:17:29,547 - __main__ - INFO - Starting comparision task
2017-05-11 17:17:29,592 - __main__ - INFO - Comparision task completed
2017-05-11 17:17:29,594 - __main__ - INFO - *****************************
2017-05-11 17:18:43,869 - __main__ - INFO - *****************************
2017-05-11 17:18:43,870 - __main__ - INFO - Starting Scrapping task
2017-05-11 17:19:13,702 - __main__ - INFO - ['Kickstart Your Heart Dress - Seafoam', None, None]
2017-05-11 17:19:13,711 - __main__ - INFO - Scrapping task completed
2017-05-11 17:19:13,788 - __main__ - INFO - *****************************
2017-05-11 17:19:13,810 - __main__ - INFO - *****************************
2017-05-11 17:19:13,811 - __main__ - INFO - Starting comparision task
2017-05-11 17:19:46,254 - __main__ - INFO - *****************************
2017-05-11 17:19:46,255 - __main__ - INFO - Starting Scrapping task
2017-05-11 17:20:00,908 - __main__ - INFO - ['Kickstart Your Heart Dress - Seafoam', None, None]
2017-05-11 17:20:00,915 - __main__ - INFO - Scrapping task completed
2017-05-11 17:20:00,976 - __main__ - INFO - *****************************
2017-05-11 17:20:00,992 - __main__ - INFO - *****************************
2017-05-11 17:20:00,992 - __main__ - INFO - Starting comparision task
2017-05-11 17:20:41,944 - __main__ - INFO - *****************************
2017-05-11 17:20:41,945 - __main__ - INFO - Starting Scrapping task
2017-05-11 17:20:57,900 - __main__ - INFO - ['Kickstart Your Heart Dress - Seafoam', None, None]
2017-05-11 17:20:57,909 - __main__ - INFO - Scrapping task completed
2017-05-11 17:20:57,983 - __main__ - INFO - *****************************
2017-05-11 17:20:58,009 - __main__ - INFO - *****************************
2017-05-11 17:20:58,010 - __main__ - INFO - Starting comparision task
2017-05-11 17:21:23,118 - __main__ - INFO - *****************************
2017-05-11 17:21:23,119 - __main__ - INFO - Starting Scrapping task
2017-05-11 17:21:37,762 - __main__ - INFO - ['Kickstart Your Heart Dress - Seafoam', None, None]
2017-05-11 17:21:37,768 - __main__ - INFO - Scrapping task completed
2017-05-11 17:21:37,816 - __main__ - INFO - *****************************
2017-05-11 17:21:37,836 - __main__ - INFO - *****************************
2017-05-11 17:21:37,837 - __main__ - INFO - Starting comparision task
2017-05-11 17:25:15,946 - __main__ - INFO - *****************************
2017-05-11 17:25:15,950 - __main__ - INFO - Starting Scrapping task
2017-05-11 17:25:49,905 - __main__ - INFO - //*[@id="magnifier-item-0"]
2017-05-11 17:25:50,066 - __main__ - INFO - //*[@id="product-options-wrapper"]/div/div/div/div
2017-05-11 17:25:50,168 - __main__ - INFO - S
M
L
2017-05-11 17:25:50,169 - __main__ - INFO - ['Kickstart Your Heart Dress - Seafoam', '/355a5904_1_1.jpg', None]
2017-05-11 17:25:50,178 - __main__ - INFO - Scrapping task completed
2017-05-11 17:25:50,226 - __main__ - INFO - *****************************
2017-05-11 17:25:50,246 - __main__ - INFO - *****************************
2017-05-11 17:25:50,246 - __main__ - INFO - Starting comparision task
2017-05-11 17:28:03,076 - __main__ - INFO - *****************************
2017-05-11 17:28:03,077 - __main__ - INFO - Starting Scrapping task
2017-05-11 17:28:39,705 - __main__ - INFO - S
M
L
2017-05-11 17:28:39,705 - __main__ - INFO - Kickstart Your Heart Dress - Seafoamhas error with xpath//*[@id="product-options-wrapper"]/div/div/div/div
2017-05-11 17:28:39,706 - __main__ - INFO - ['Kickstart Your Heart Dress - Seafoam', '/355a5904_1_1.jpg', None]
2017-05-11 17:28:39,712 - __main__ - INFO - Scrapping task completed
2017-05-11 17:28:39,778 - __main__ - INFO - *****************************
2017-05-11 17:28:39,801 - __main__ - INFO - *****************************
2017-05-11 17:28:39,804 - __main__ - INFO - Starting comparision task
2017-05-11 17:30:37,191 - __main__ - INFO - *****************************
2017-05-11 17:30:37,192 - __main__ - INFO - Starting Scrapping task
2017-05-11 17:31:17,758 - __main__ - INFO - S
M
L
2017-05-11 17:31:17,759 - __main__ - INFO - ['S', 'M', 'L']
2017-05-11 17:31:17,759 - __main__ - INFO - S;;M;;L
2017-05-11 17:31:17,760 - __main__ - INFO - ['Kickstart Your Heart Dress - Seafoam', '/355a5904_1_1.jpg', 'S;;M;;L']
2017-05-11 17:31:17,765 - __main__ - INFO - Scrapping task completed
2017-05-11 17:31:17,827 - __main__ - INFO - *****************************
2017-05-11 17:31:17,854 - __main__ - INFO - *****************************
2017-05-11 17:31:17,855 - __main__ - INFO - Starting comparision task
2017-05-11 17:32:44,298 - __main__ - INFO - *****************************
2017-05-11 17:32:44,298 - __main__ - INFO - Starting Scrapping task
2017-05-11 17:33:07,099 - __main__ - INFO - Kickstart Your Heart Dress - Seafoam--- has error with xpath ---//*[@id="magnifier-item-0"]
2017-05-11 17:33:07,191 - __main__ - INFO - Kickstart Your Heart Dress - Seafoam--- has error with xpath ---//*[@id="product-options-wrapper"]/div/div/div/div
2017-05-11 17:33:07,192 - __main__ - INFO - ['Kickstart Your Heart Dress - Seafoam', None, None]
2017-05-11 17:33:07,201 - __main__ - INFO - Scrapping task completed
2017-05-11 17:33:07,255 - __main__ - INFO - *****************************
2017-05-11 17:33:07,263 - __main__ - INFO - *****************************
2017-05-11 17:33:07,263 - __main__ - INFO - Starting comparision task
2017-05-11 17:34:07,305 - __main__ - INFO - *****************************
2017-05-11 17:34:07,306 - __main__ - INFO - Starting Scrapping task
2017-05-11 17:34:39,168 - __main__ - INFO - ['Kickstart Your Heart Dress - Seafoam', '/355a5904_1_1.jpg', 'S;;M;;L']
2017-05-11 17:34:39,174 - __main__ - INFO - Scrapping task completed
2017-05-11 17:34:39,216 - __main__ - INFO - *****************************
2017-05-11 17:34:39,223 - __main__ - INFO - *****************************
2017-05-11 17:34:39,224 - __main__ - INFO - Starting comparision task
2017-05-11 17:34:39,232 - __main__ - INFO - Comparision task completed
2017-05-11 17:34:39,235 - __main__ - INFO - *****************************
2017-05-15 13:50:53,681 - __main__ - INFO - *****************************
2017-05-15 13:50:53,711 - __main__ - INFO - Starting Scrapping task
2017-05-15 13:51:20,500 - __main__ - INFO - Kickstart Your Heart Dress - Seafoam--- has error with xpath ---//*[@id="magnifier-item-0"]
2017-05-15 13:51:20,571 - __main__ - INFO - Kickstart Your Heart Dress - Seafoam--- has error with xpath ---//*[@id="product-options-wrapper"]/div/div/div/div
2017-05-15 13:51:20,571 - __main__ - INFO - ['Kickstart Your Heart Dress - Seafoam', None, None]
2017-05-15 13:51:20,621 - __main__ - INFO - Scrapping task completed
2017-05-15 13:51:20,664 - __main__ - INFO - *****************************
2017-05-15 13:51:20,675 - __main__ - INFO - *****************************
2017-05-15 13:51:20,675 - __main__ - INFO - Starting comparision task
2017-05-15 13:52:01,946 - __main__ - INFO - *****************************
2017-05-15 13:52:01,947 - __main__ - INFO - Starting Scrapping task
2017-05-15 13:52:53,112 - __main__ - INFO - ['Kickstart Your Heart Dress - Seafoam', '/355a5904_1_1.jpg', 'S;;M;;L']
2017-05-15 13:52:53,119 - __main__ - INFO - Scrapping task completed
2017-05-15 13:52:53,131 - __main__ - INFO - *****************************
2017-05-15 13:52:53,137 - __main__ - INFO - *****************************
2017-05-15 13:52:53,137 - __main__ - INFO - Starting comparision task
2017-05-15 13:52:53,145 - __main__ - INFO - Comparision task completed
2017-05-15 13:52:53,147 - __main__ - INFO - *****************************
2017-05-15 13:53:41,335 - __main__ - INFO - *****************************
2017-05-15 13:53:41,335 - __main__ - INFO - Starting Scrapping task
2017-05-15 13:54:31,033 - __main__ - INFO - ['Kickstart Your Heart Dress - Seafoam', '/355a5904_1_1.jpg', 'S;;M;;L']
2017-05-15 13:54:31,040 - __main__ - INFO - Scrapping task completed
2017-05-15 13:54:31,054 - __main__ - INFO - *****************************
2017-05-15 13:54:31,060 - __main__ - INFO - *****************************
2017-05-15 13:54:31,060 - __main__ - INFO - Starting comparision task
2017-05-15 13:54:31,069 - __main__ - INFO - Comparision task completed
2017-05-15 13:54:31,071 - __main__ - INFO - *****************************
2017-05-15 14:06:35,971 - __main__ - INFO - *****************************
2017-05-15 14:06:35,971 - __main__ - INFO - Starting Scrapping task
2017-05-15 14:07:26,983 - __main__ - INFO - ['Kickstart Your Heart Dress - Seafoam', '/355a5904_1_1.jpg', 'S;;M;;L']
2017-05-15 14:07:27,015 - __main__ - INFO - Scrapping task completed
2017-05-15 14:07:27,027 - __main__ - INFO - *****************************
2017-05-15 14:07:27,034 - __main__ - INFO - *****************************
2017-05-15 14:07:27,034 - __main__ - INFO - Starting comparision task
2017-05-15 14:07:27,041 - __main__ - INFO - Comparision task completed
2017-05-15 14:07:27,042 - __main__ - INFO - *****************************
2017-05-19 11:22:17,296 - __main__ - INFO - Starting Immediate Reporter task
2017-05-19 11:23:07,738 - __main__ - INFO - Starting Immediate Reporter task
2017-05-19 11:23:28,539 - __main__ - INFO - ['Kickstart Your Heart Dress - Seafoam', '/355a5904_1_1.jpg', 'S;;M;;L']
2017-05-19 11:23:33,906 - __main__ - INFO - ['Kickstart Your Heart Dress - Seafoam', '/355a5904_1_1.jpg', 'S;;M;;L']
2017-05-19 11:27:59,570 - __main__ - INFO - Starting Immediate Reporter task
2017-05-19 11:28:31,368 - __main__ - INFO - ['Kickstart Your Heart Dress - Seafoam', '/355a5904_1_1.jpg', 'S;;M;;L']
2017-05-19 11:28:40,316 - __main__ - INFO - ['Kickstart Your Heart Dress - Seafoam', '/355a5904_1_1.jpg', 'S;;M;;L']
2017-05-19 11:30:19,619 - __main__ - INFO - Starting Immediate Reporter task
2017-05-19 11:30:41,122 - __main__ - INFO - ['Kickstart Your Heart Dress - Seafoam', '/355a5904_1_1.jpg', 'S;;M;;L']
2017-05-19 11:30:46,901 - __main__ - INFO - Kickstart Your Heart Dress - Seafoam--- has error with xpath ---//*[@id="magnifier-item-0"]
2017-05-19 11:30:47,130 - __main__ - INFO - ['Kickstart Your Heart Dress - Seafoam', None, 'S;;M;;L']
2017-05-19 11:31:12,914 - __main__ - INFO - Starting Immediate Reporter task
2017-05-19 11:31:38,730 - __main__ - INFO - ['Kickstart Your Heart Dress - Seafoam', '/355a5904_1_1.jpg', 'S;;M;;L']
2017-05-19 11:31:51,580 - __main__ - INFO - Starting Immediate Reporter task
2017-05-19 11:32:18,301 - __main__ - INFO - ['Kickstart Your Heart Dress - Seafoam', '/355a5904_1_1.jpg', 'S;;M;;L']
2017-05-19 11:32:35,447 - __main__ - INFO - Starting Immediate Reporter task
2017-05-19 11:32:54,355 - __main__ - INFO - ['Kickstart Your Heart Dress - Seafoam', '/355a5904_1_1.jpg', 'S;;M;;L']
2017-05-19 11:32:54,371 - __main__ - INFO - Scrapping task completed
2017-05-19 11:32:54,384 - __main__ - INFO - Comparision task completed
2017-05-19 11:33:16,062 - __main__ - INFO - Starting Immediate Reporter task
2017-05-19 11:33:38,081 - __main__ - INFO - ['Kickstart Your Heart Dress - Seafoam', '/355a5904_1_1.jpg', 'S;;M;;L']
2017-05-19 11:33:38,120 - __main__ - INFO - Scrapping task completed
2017-05-19 11:33:38,146 - __main__ - INFO - Comparision task completed
2017-05-19 11:57:34,755 - __main__ - INFO - Starting Immediate Reporter task
2017-05-19 11:57:59,819 - __main__ - INFO - ['Kickstart Your Heart Dress - Seafoam', '/355a5904_1_1.jpg', 'S;;M;;L']
2017-05-19 11:58:04,225 - __main__ - INFO - ['Kickstart Your Heart Dress ', 'Page Not Found', 'Page Not Found']
2017-05-19 11:58:16,273 - __main__ - INFO - ['Kickstart Your Heart Dress - Seafoam', '/355a5904_1_1.jpg', 'S;;M;;L']
2017-05-19 11:58:20,083 - __main__ - INFO - ['Kickstart Your Heart Dress ', 'Page Not Found', 'Page Not Found']
2017-05-19 12:00:56,096 - __main__ - INFO - Starting Immediate Reporter task
2017-05-19 12:01:12,146 - __main__ - INFO - ['Kickstart Your Heart Dress - Seafoam', '/355a5904_1_1.jpg', 'S;;M;;L']
2017-05-19 12:01:15,420 - __main__ - INFO - ['Kickstart Your Heart Dress ', 'Page Not Found', 'Page Not Found']
2017-05-19 12:01:20,889 - __main__ - INFO - Kickstart Your Heart Dress - Seafoam--- has error with xpath ---//*[@id="magnifier-item-0"]
2017-05-19 12:01:21,132 - __main__ - INFO - ['Kickstart Your Heart Dress - Seafoam', None, 'S;;M;;L']
2017-05-19 12:01:24,430 - __main__ - INFO - ['Kickstart Your Heart Dress ', 'Page Not Found', 'Page Not Found']
2017-05-19 12:01:37,430 - __main__ - INFO - Starting Immediate Reporter task
2017-05-19 12:01:58,303 - __main__ - INFO - ['Kickstart Your Heart Dress - Seafoam', '/355a5904_1_1.jpg', 'S;;M;;L']
2017-05-19 12:02:01,674 - __main__ - INFO - ['Kickstart Your Heart Dress ', 'Page Not Found', 'Page Not Found']
2017-05-19 12:02:01,687 - __main__ - INFO - Scrapping task completed
2017-05-19 12:02:01,700 - __main__ - INFO - Comparision task completed
2017-05-19 12:12:59,737 - __main__ - INFO - Starting Immediate Reporter task
2017-05-19 12:13:28,325 - __main__ - INFO - ['Kickstart Your Heart Dress - Seafoam', '/355a5904_1_1.jpg', 'S;;M;;L']
2017-05-19 12:13:32,044 - __main__ - INFO - ['Kickstart Your Heart Dress ', 'Page Not Found', 'Page Not Found']
2017-05-19 12:13:44,801 - __main__ - INFO - ['Kickstart Your Heart Dress - Seafoam', '/355a5904_1_1.jpg', 'S;;M;;L']
2017-05-19 12:13:48,373 - __main__ - INFO - ['Kickstart Your Heart Dress ', 'Page Not Found', 'Page Not Found']
2017-05-19 12:14:11,597 - __main__ - INFO - Starting Immediate Reporter task
2017-05-19 12:14:32,973 - __main__ - INFO - ['Kickstart Your Heart Dress - Seafoam', '/355a5904_1_1.jpg', 'S;;M;;L']
2017-05-19 12:14:36,725 - __main__ - INFO - ['Kickstart Your Heart Dress ', 'Page Not Found', 'Page Not Found']
2017-05-19 12:14:36,740 - __main__ - INFO - Scrapping task completed
2017-05-19 12:14:36,755 - __main__ - INFO - Comparision task completed
2017-05-19 12:15:23,272 - __main__ - INFO - Starting Immediate Reporter task
2017-05-19 12:15:50,354 - __main__ - INFO - ['Kickstart Your Heart Dress - Seafoam', '/355a5904_1_1.jpg', 'S;;M;;L']
2017-05-19 12:15:53,597 - __main__ - INFO - ['Kickstart Your Heart Dress ', 'Page Not Found', 'Page Not Found']
2017-05-19 12:15:53,608 - __main__ - INFO - Scrapping task completed
2017-05-19 12:15:53,623 - __main__ - INFO - Comparision task completed
2017-05-19 12:22:36,209 - __main__ - INFO - Starting Immediate Reporter task
2017-05-19 12:22:56,311 - __main__ - INFO - ['Kickstart Your Heart Dress - Seafoam', '/355a5904_1_1.jpg', 'S;;M;;L']
2017-05-19 12:23:07,771 - __main__ - INFO - ['Kickstart Your Heart Dress - Seafoam', '/355a5904_1_1.jpg', 'S;;M;;L']
2017-05-19 12:25:28,249 - __main__ - INFO - Starting Immediate Reporter task
2017-05-19 12:25:51,397 - __main__ - INFO - ['Kickstart Your Heart Dress - Seafoam', '/355a5904_1_1.jpg', 'S;;M;;L']
2017-05-19 12:25:56,892 - __main__ - INFO - Kickstart Your Heart Dress - Seafoam--- has error with xpath ---//*[@id="magnifier-item-0"]
2017-05-19 12:25:57,057 - __main__ - INFO - ['Kickstart Your Heart Dress - Seafoam', None, 'S;;M;;L']
2017-05-19 12:26:20,140 - __main__ - INFO - Starting Immediate Reporter task
2017-05-19 12:26:42,722 - __main__ - INFO - ['Kickstart Your Heart Dress - Seafoam', '/355a5904_1_1.jpg', 'S;;M;;L']
2017-05-19 12:26:48,088 - __main__ - INFO - Kickstart Your Heart Dress - Seafoam--- has error with xpath ---//*[@id="magnifier-item-0"]
2017-05-19 12:26:48,508 - __main__ - INFO - ['Kickstart Your Heart Dress - Seafoam', None, 'S;;M;;L']
2017-05-19 12:27:08,015 - __main__ - INFO - Starting Immediate Reporter task
2017-05-19 12:27:33,147 - __main__ - INFO - ['Kickstart Your Heart Dress - Seafoam', '/355a5904_1_1.jpg', 'S;;M;;L']
2017-05-19 12:27:36,248 - __main__ - INFO - ['Kickstart Your Heart Dress ', 'Page Not Found', 'Page Not Found']
2017-05-19 12:27:36,264 - __main__ - INFO - Scrapping task completed
2017-05-19 12:27:36,283 - __main__ - INFO - Comparision task completed
2017-05-19 12:28:43,526 - __main__ - INFO - Starting Immediate Reporter task
2017-05-19 12:29:02,688 - __main__ - INFO - ['Kickstart Your Heart Dress - Seafoam', '/355a5904_1_1.jpg', 'S;;M;;L']
2017-05-19 12:29:05,831 - __main__ - INFO - ['Kickstart Your Heart Dress ', 'Page Not Found', 'Page Not Found']
2017-05-19 12:29:05,844 - __main__ - INFO - Scrapping task completed
2017-05-19 12:29:05,866 - __main__ - INFO - Comparision task completed
2017-05-19 12:29:05,869 - __main__ - INFO - Total errors in file = 228
2017-05-19 12:32:44,085 - __main__ - INFO - Starting Immediate Reporter task
2017-05-19 12:33:07,731 - __main__ - INFO - ['Kickstart Your Heart Dress - Seafoam', '/355a5904_1_1.jpg', 'S;;M;;L']
2017-05-19 12:33:10,709 - __main__ - INFO - ['Kickstart Your Heart Dress ', 'Page Not Found', 'Page Not Found']
2017-05-19 12:33:10,724 - __main__ - INFO - Scrapping task completed
2017-05-19 12:33:10,739 - __main__ - INFO - Comparision task completed
2017-05-19 12:33:10,741 - __main__ - INFO - Total errors in file = 0
2017-05-19 13:31:07,524 - __main__ - INFO - Starting Immediate Reporter task
2017-05-19 13:31:25,439 - __main__ - INFO - ['Kickstart Your Heart Dress - Seafoam', '/355a5904_1_1.jpg', 'S;;M;;L']
2017-05-19 13:31:28,583 - __main__ - INFO - ['Kickstart Your Heart Dress ', 'Page Not Found', 'Page Not Found']
2017-05-19 13:31:28,594 - __main__ - INFO - Scrapping task completed
2017-05-19 13:31:28,606 - __main__ - INFO - Comparision task completed
2017-05-19 13:31:28,608 - __main__ - INFO - Total errors in file = 228
2017-05-19 13:32:36,687 - __main__ - INFO - Starting Immediate Reporter task
2017-05-19 13:32:58,133 - __main__ - INFO - ['Kickstart Your Heart Dress - Seafoam', '/355a5904_1_1.jpg', 'S;;M;;L']
2017-05-19 13:33:01,199 - __main__ - INFO - ['Kickstart Your Heart Dress ', 'Page Not Found', 'Page Not Found']
2017-05-19 13:33:01,210 - __main__ - INFO - Scrapping task completed
2017-05-19 13:33:01,224 - __main__ - INFO - Comparision task completed
2017-05-19 13:33:01,226 - __main__ - INFO - Total errors in file = 228
2017-05-19 13:33:27,378 - __main__ - INFO - Starting Immediate Reporter task
2017-05-19 13:33:53,471 - __main__ - INFO - ['Kickstart Your Heart Dress - Seafoam', '/355a5904_1_1.jpg', 'S;;M;;L']
2017-05-19 13:33:56,543 - __main__ - INFO - ['Kickstart Your Heart Dress ', 'Page Not Found', 'Page Not Found']
2017-05-19 13:33:56,555 - __main__ - INFO - Scrapping task completed
2017-05-19 13:33:56,570 - __main__ - INFO - Comparision task completed
2017-05-19 13:33:56,572 - __main__ - INFO - Total errors in file = 228
2017-05-19 13:37:29,539 - __main__ - INFO - Starting Immediate Reporter task
2017-05-19 13:37:48,329 - __main__ - INFO - ['Kickstart Your Heart Dress - Seafoam', '/355a5904_1_1.jpg', 'S;;M;;L']
2017-05-19 13:37:51,263 - __main__ - INFO - ['Kickstart Your Heart Dress ', 'Page Not Found', 'Page Not Found']
2017-05-19 13:37:51,275 - __main__ - INFO - Scrapping task completed
2017-05-19 13:37:51,291 - __main__ - INFO - Comparision task completed
2017-05-19 13:37:51,295 - __main__ - INFO - Total errors in file = 1
2017-05-19 13:43:44,239 - __main__ - INFO - Starting Immediate Reporter task
2017-05-19 13:43:59,854 - __main__ - INFO - ['Kickstart Your Heart Dress - Seafoam', '/355a5904_1_1.jpg', 'S;;M;;L']
2017-05-19 13:44:10,317 - __main__ - INFO - ['Kickstart Your Heart Dress - Seafoam', '/355a5904_1_1.jpg', 'S;;M;;L']
2017-05-19 13:45:07,240 - __main__ - INFO - Starting Immediate Reporter task
2017-05-19 13:45:35,156 - __main__ - INFO - ['Kickstart Your Heart Dress - Seafoam', '/355a5904_1_1.jpg', 'S;;M;;L']
2017-05-19 13:45:41,063 - __main__ - INFO - Kickstart Your Heart Dress - Seafoam--- has error with xpath ---//*[@id="magnifier-item-0"]
2017-05-19 13:45:41,493 - __main__ - INFO - ['Kickstart Your Heart Dress - Seafoam', None, 'S;;M;;L']
2017-05-19 13:46:22,995 - __main__ - INFO - Starting Immediate Reporter task
2017-05-19 13:46:53,501 - __main__ - INFO - ['Kickstart Your Heart Dress - Seafoam', '/355a5904_1_1.jpg', 'S;;M;;L']
2017-05-19 13:46:53,505 - __main__ - INFO -  page_not_found_list reporter 
2017-05-19 13:46:57,314 - __main__ - INFO - ['Kickstart Your Heart Dress ', 'Page Not Found', 'Page Not Found']
2017-05-19 13:46:57,319 - __main__ - INFO -  page_not_found_list reporter Kickstart Your Heart Dress 
2017-05-19 13:46:57,325 - __main__ - INFO - Scrapping task completed
2017-05-19 13:46:57,339 - __main__ - INFO - Comparision task completed
2017-05-19 13:46:57,341 - __main__ - INFO - Total errors in file = 0
2017-05-19 13:49:19,245 - __main__ - INFO - Starting Immediate Reporter task
2017-05-19 13:49:56,486 - __main__ - INFO - ['Kickstart Your Heart Dress - Seafoam', '/355a5904_1_1.jpg', 'S;;M;;L']
2017-05-19 13:50:00,886 - __main__ - INFO - ['Kickstart Your Heart Dress ', 'Page Not Found', 'Page Not Found']
2017-05-19 13:50:00,900 - __main__ - INFO - Scrapping task completed
2017-05-19 13:50:00,918 - __main__ - INFO - Comparision task completed
2017-05-19 13:50:00,922 - __main__ - INFO - Total errors in file = 0
2017-05-19 13:54:22,966 - __main__ - INFO - Starting Immediate Reporter task
2017-05-19 13:54:52,531 - __main__ - INFO - ['Kickstart Your Heart Dress - Seafoam', '/355a5904_1_1.jpg', 'S;;M;;L']
2017-05-19 13:54:55,948 - __main__ - INFO - ['Kickstart Your Heart Dress ', 'Page Not Found', 'Page Not Found']
2017-05-19 13:54:55,961 - __main__ - INFO - Scrapping task completed
2017-05-19 13:54:55,977 - __main__ - INFO - Comparision task completed
2017-05-19 13:54:55,979 - __main__ - INFO - Total errors in file = 0
2017-05-19 13:57:25,650 - __main__ - INFO - Starting Immediate Reporter task
2017-05-19 13:57:57,893 - __main__ - INFO - ['Kickstart Your Heart Dress - Seafoam', '/355a5904_1_1.jpg', 'S;;M;;L']
2017-05-19 13:58:01,898 - __main__ - INFO - ['Kickstart Your Heart Dress ', 'Page Not Found', 'Page Not Found']
2017-05-19 13:58:01,908 - __main__ - INFO - Scrapping task completed
2017-05-19 13:58:01,922 - __main__ - INFO - Comparision task completed
2017-05-19 13:58:01,924 - __main__ - INFO - Total errors in file = 1
2017-05-19 13:58:11,934 - __main__ - INFO - Starting Immediate Reporter task
2017-05-19 13:58:43,192 - __main__ - INFO - ['Kickstart Your Heart Dress - Seafoam', '/355a5904_1_1.jpg', 'S;;M;;L']
2017-05-19 13:58:52,280 - __main__ - INFO - ['Kickstart Your Heart Dress ', 'Page Not Found', 'Page Not Found']
2017-05-19 13:58:52,292 - __main__ - INFO - Scrapping task completed
2017-05-19 13:58:52,307 - __main__ - INFO - Comparision task completed
2017-05-19 13:58:52,310 - __main__ - INFO - Total errors in file = 2
2017-05-19 14:03:50,092 - __main__ - INFO - Starting Immediate Reporter task
2017-05-19 14:04:09,696 - __main__ - INFO - Starting Immediate Reporter task
2017-05-19 14:04:53,219 - __main__ - INFO - ['Kickstart Your Heart Dress - Seafoam', '/355a5904_1_1.jpg', 'S;;M;;L']
2017-05-19 14:04:58,859 - __main__ - INFO - ['Kickstart Your Heart Dress ', 'Page Not Found', 'Page Not Found']
2017-05-19 14:04:58,870 - __main__ - INFO - Scrapping task completed
2017-05-19 14:04:58,885 - __main__ - INFO - Comparision task completed
2017-05-19 14:04:58,888 - __main__ - INFO - Total errors in file = 2
2017-05-19 14:05:27,633 - __main__ - INFO - Starting Immediate Reporter task
2017-05-19 14:06:27,329 - __main__ - INFO - ['Kickstart Your Heart Dress - Seafoam', '/355a5904_1_1.jpg', 'S;;M;;L']
2017-05-19 14:06:27,346 - __main__ - INFO - Scrapping task completed
2017-05-19 14:06:27,365 - __main__ - INFO - Comparision task completed
2017-05-19 14:06:27,367 - __main__ - INFO - Total errors in file = 1
2017-05-19 14:06:50,586 - __main__ - INFO - *****************************
2017-05-19 14:06:50,587 - __main__ - INFO - Starting Scrapping task
2017-05-19 14:07:52,434 - __main__ - INFO - ['Kickstart Your Heart Dress - Seafoam', '/355a5904_1_1.jpg', 'S;;M;;L']
2017-05-19 14:07:58,037 - __main__ - INFO - ['Kickstart Your Heart Dress ', 'Page Not Found', 'Page Not Found']
2017-05-19 14:07:58,044 - __main__ - INFO - Scrapping task completed
2017-05-19 14:07:58,058 - __main__ - INFO - *****************************
2017-05-19 14:08:18,431 - __main__ - INFO - *****************************
2017-05-19 14:08:18,432 - __main__ - INFO - Starting Scrapping task
2017-05-19 14:09:03,565 - __main__ - INFO - ['Kickstart Your Heart Dress - Seafoam', '/355a5904_1_1.jpg', 'S;;M;;L']
2017-05-19 14:09:08,439 - __main__ - INFO - ['Kickstart Your Heart Dress ', 'Page Not Found', 'Page Not Found']
2017-05-19 14:09:08,445 - __main__ - INFO - Scrapping task completed
2017-05-19 14:09:08,460 - __main__ - INFO - *****************************
2017-05-19 14:09:08,466 - __main__ - INFO - *****************************
2017-05-19 14:09:08,466 - __main__ - INFO - Starting comparision task
2017-05-19 14:09:08,476 - __main__ - INFO - Kickstart Your Heart Dress has url error
2017-05-19 14:09:08,480 - __main__ - INFO - Comparision task completed
2017-05-19 14:09:08,482 - __main__ - INFO - *****************************
