1490699310182	geckodriver	INFO	Listening on 127.0.0.1:48539
1490699311273	mozprofile::profile	INFO	Using profile path /tmp/rust_mozprofile.uOCDX6ueIJcT
1490699311274	geckodriver::marionette	INFO	Starting browser /usr/bin/firefox with args []
1490699311302	geckodriver::marionette	INFO	Connecting to Marionette on localhost:38578
1490699318087	Marionette	INFO	Listening on port 38578
1490699319962	Marionette	WARN	TLS certificate errors will be ignored for this session
1490699342213	geckodriver	INFO	Listening on 127.0.0.1:51186
1490699343286	mozprofile::profile	INFO	Using profile path /tmp/rust_mozprofile.REucCulvvMi6
1490699343288	geckodriver::marionette	INFO	Starting browser /usr/bin/firefox with args []
1490699343293	geckodriver::marionette	INFO	Connecting to Marionette on localhost:43234
1490699344882	Marionette	INFO	Listening on port 43234
1490699346441	Marionette	WARN	TLS certificate errors will be ignored for this session
1490699372808	geckodriver	INFO	Listening on 127.0.0.1:42579
1490699373882	mozprofile::profile	INFO	Using profile path /tmp/rust_mozprofile.lOIGqSbUhq0I
1490699373883	geckodriver::marionette	INFO	Starting browser /usr/bin/firefox with args []
1490699373887	geckodriver::marionette	INFO	Connecting to Marionette on localhost:41202
1490699375470	Marionette	INFO	Listening on port 41202
1490699376820	Marionette	WARN	TLS certificate errors will be ignored for this session
JavaScript error: http://www.americanflags.com/usflagdogtag.html, line 77: TypeError: $.cookie is not a function
JavaScript error: http://lib.store.yahoo.net/lib/yhst-45748600749679/ey-conversion-pixel.js, line 11: TypeError: $.cookie is not a function
*************************
A coding exception was thrown and uncaught in a Task.

Full message: TypeError: NetworkError when attempting to fetch resource.
Full stack: 
*************************
1490702314031	geckodriver	INFO	Listening on 127.0.0.1:45607
1490702315104	mozprofile::profile	INFO	Using profile path /tmp/rust_mozprofile.cG7uPsjfPhes
1490702315106	geckodriver::marionette	INFO	Starting browser /usr/bin/firefox with args []
1490702315108	geckodriver::marionette	INFO	Connecting to Marionette on localhost:35111
1490702318189	Marionette	INFO	Listening on port 35111
1490702319831	Marionette	WARN	TLS certificate errors will be ignored for this session
JavaScript error: http://www.americanflags.com/usflagdogtag.html, line 77: TypeError: $.cookie is not a function
JavaScript error: http://lib.store.yahoo.net/lib/yhst-45748600749679/ey-conversion-pixel.js, line 11: TypeError: $.cookie is not a function
1490703008737	geckodriver	INFO	Listening on 127.0.0.1:42727
1490703008880	mozprofile::profile	INFO	Using profile path /tmp/rust_mozprofile.PSv3I5k1MH8j
1490703008881	geckodriver::marionette	INFO	Starting browser /usr/bin/firefox with args []
1490703008887	geckodriver::marionette	INFO	Connecting to Marionette on localhost:39825
1490703011298	Marionette	INFO	Listening on port 39825
1490703012692	Marionette	WARN	TLS certificate errors will be ignored for this session
JavaScript error: http://www.americanflags.com/usflagdogtag.html, line 77: TypeError: $.cookie is not a function
JavaScript error: http://lib.store.yahoo.net/lib/yhst-45748600749679/ey-conversion-pixel.js, line 11: TypeError: $.cookie is not a function
JavaScript error: http://www.americanflags.com/usflagdogtag.html, line 77: TypeError: $.cookie is not a function
JavaScript error: http://lib.store.yahoo.net/lib/yhst-45748600749679/ey-conversion-pixel.js, line 11: TypeError: $.cookie is not a function
[Child 18334] WARNING: pipe error (17): Connection reset by peer: file /build/firefox-ZWwcnj/firefox-52.0.1+build2/ipc/chromium/src/chrome/common/ipc_channel_posix.cc, line 322
[Child 18334] WARNING: pipe error (3): Connection reset by peer: file /build/firefox-ZWwcnj/firefox-52.0.1+build2/ipc/chromium/src/chrome/common/ipc_channel_posix.cc, line 322
[Child 18334] ###!!! ABORT: Aborting on channel error.: file /build/firefox-ZWwcnj/firefox-52.0.1+build2/ipc/glue/MessageChannel.cpp, line 2143
[Child 18334] ###!!! ABORT: Aborting on channel error.: file /build/firefox-ZWwcnj/firefox-52.0.1+build2/ipc/glue/MessageChannel.cpp, line 2143
1490703164189	geckodriver	INFO	Listening on 127.0.0.1:47725
1490703165263	mozprofile::profile	INFO	Using profile path /tmp/rust_mozprofile.XcfblPv520mx
1490703165264	geckodriver::marionette	INFO	Starting browser /usr/bin/firefox with args []
1490703165268	geckodriver::marionette	INFO	Connecting to Marionette on localhost:38106
1490703166786	Marionette	INFO	Listening on port 38106
1490703168202	Marionette	WARN	TLS certificate errors will be ignored for this session
JavaScript error: http://www.americanflags.com/usflagdogtag.html, line 77: TypeError: $.cookie is not a function
JavaScript error: http://lib.store.yahoo.net/lib/yhst-45748600749679/ey-conversion-pixel.js, line 11: TypeError: $.cookie is not a function
JavaScript error: http://www.americanflags.com/usflagdogtag.html, line 1: ReferenceError: switchImg is not defined
JavaScript error: http://www.americanflags.com/usflagdogtag.html, line 77: TypeError: $.cookie is not a function
JavaScript error: http://lib.store.yahoo.net/lib/yhst-45748600749679/ey-conversion-pixel.js, line 11: TypeError: $.cookie is not a function
JavaScript error: , line 0: uncaught exception: undefined
JavaScript error: , line 0: uncaught exception: undefined
1490703284272	geckodriver	INFO	Listening on 127.0.0.1:33113
1490703284395	mozprofile::profile	INFO	Using profile path /tmp/rust_mozprofile.L9f9Y9ArDVEa
1490703284397	geckodriver::marionette	INFO	Starting browser /usr/bin/firefox with args []
1490703284400	geckodriver::marionette	INFO	Connecting to Marionette on localhost:45256
1490703286686	Marionette	INFO	Listening on port 45256
1490703288070	Marionette	WARN	TLS certificate errors will be ignored for this session
JavaScript error: http://www.americanflags.com/usflagdogtag.html, line 77: TypeError: $.cookie is not a function
JavaScript error: http://lib.store.yahoo.net/lib/yhst-45748600749679/ey-conversion-pixel.js, line 11: TypeError: $.cookie is not a function
JavaScript error: , line 0: uncaught exception: undefined
JavaScript error: , line 0: uncaught exception: undefined
1490703343085	geckodriver	INFO	Listening on 127.0.0.1:37885
1490703344171	mozprofile::profile	INFO	Using profile path /tmp/rust_mozprofile.44DI8nAJSuNp
1490703344173	geckodriver::marionette	INFO	Starting browser /usr/bin/firefox with args []
1490703344182	geckodriver::marionette	INFO	Connecting to Marionette on localhost:46337
1490703345858	Marionette	INFO	Listening on port 46337
1490703347415	Marionette	WARN	TLS certificate errors will be ignored for this session
JavaScript error: http://www.americanflags.com/usflagdogtag.html, line 77: TypeError: $.cookie is not a function
JavaScript error: http://lib.store.yahoo.net/lib/yhst-45748600749679/ey-conversion-pixel.js, line 11: TypeError: $.cookie is not a function
1490703535750	geckodriver	INFO	Listening on 127.0.0.1:33937
1490703536816	mozprofile::profile	INFO	Using profile path /tmp/rust_mozprofile.uyS5gvS6se3Y
1490703536818	geckodriver::marionette	INFO	Starting browser /usr/bin/firefox with args []
1490703536824	geckodriver::marionette	INFO	Connecting to Marionette on localhost:40689
1490703538583	Marionette	INFO	Listening on port 40689
1490703540111	Marionette	WARN	TLS certificate errors will be ignored for this session
JavaScript error: http://1024game.org/js/app.js, line 1: TypeError: Argument 1 of Node.appendChild is not an object.
JavaScript error: http://www.americanflags.com/usflagdogtag.html, line 77: TypeError: $.cookie is not a function
JavaScript error: http://lib.store.yahoo.net/lib/yhst-45748600749679/ey-conversion-pixel.js, line 11: TypeError: $.cookie is not a function
1490703706858	geckodriver	INFO	Listening on 127.0.0.1:55110
1490703707931	mozprofile::profile	INFO	Using profile path /tmp/rust_mozprofile.A9EnrVMHSX4g
1490703707932	geckodriver::marionette	INFO	Starting browser /usr/bin/firefox with args []
1490703707935	geckodriver::marionette	INFO	Connecting to Marionette on localhost:41605
1490703709653	Marionette	INFO	Listening on port 41605
1490703711064	Marionette	WARN	TLS certificate errors will be ignored for this session
JavaScript error: http://www.americanflags.com/usflagdogtag.html, line 77: TypeError: $.cookie is not a function
JavaScript error: http://lib.store.yahoo.net/lib/yhst-45748600749679/ey-conversion-pixel.js, line 11: TypeError: $.cookie is not a function
1490703962750	geckodriver	INFO	Listening on 127.0.0.1:56585
1490703963822	mozprofile::profile	INFO	Using profile path /tmp/rust_mozprofile.4MlbvjxldaN0
1490703963823	geckodriver::marionette	INFO	Starting browser /usr/bin/firefox with args []
1490703963825	geckodriver::marionette	INFO	Connecting to Marionette on localhost:46443
1490703965320	Marionette	INFO	Listening on port 46443
1490703966845	Marionette	WARN	TLS certificate errors will be ignored for this session
JavaScript error: http://www.americanflags.com/usflagdogtag.html, line 77: TypeError: $.cookie is not a function
JavaScript error: http://lib.store.yahoo.net/lib/yhst-45748600749679/ey-conversion-pixel.js, line 11: TypeError: $.cookie is not a function
1490704114888	geckodriver	INFO	Listening on 127.0.0.1:42392
1490704115964	mozprofile::profile	INFO	Using profile path /tmp/rust_mozprofile.hdsMS3WxOPRa
1490704115966	geckodriver::marionette	INFO	Starting browser /usr/bin/firefox with args []
1490704115968	geckodriver::marionette	INFO	Connecting to Marionette on localhost:45601
1490704117640	Marionette	INFO	Listening on port 45601
1490704119397	Marionette	WARN	TLS certificate errors will be ignored for this session
JavaScript error: http://www.americanflags.com/usflagdogtag.html, line 77: TypeError: $.cookie is not a function
JavaScript error: http://lib.store.yahoo.net/lib/yhst-45748600749679/ey-conversion-pixel.js, line 11: TypeError: $.cookie is not a function
JavaScript error: http://www.americanflags.com/usflagdogtag.html, line 77: TypeError: $.cookie is not a function
JavaScript error: http://lib.store.yahoo.net/lib/yhst-45748600749679/ey-conversion-pixel.js, line 11: TypeError: $.cookie is not a function
1490704222336	geckodriver	INFO	Listening on 127.0.0.1:46077
1490704223411	mozprofile::profile	INFO	Using profile path /tmp/rust_mozprofile.gOdJ8OVUZMdq
1490704223412	geckodriver::marionette	INFO	Starting browser /usr/bin/firefox with args []
1490704223416	geckodriver::marionette	INFO	Connecting to Marionette on localhost:40712
1490704225018	Marionette	INFO	Listening on port 40712
1490704226456	Marionette	WARN	TLS certificate errors will be ignored for this session
JavaScript error: http://www.americanflags.com/usflagdogtag.html, line 77: TypeError: $.cookie is not a function
JavaScript error: http://lib.store.yahoo.net/lib/yhst-45748600749679/ey-conversion-pixel.js, line 11: TypeError: $.cookie is not a function
1490704580965	geckodriver	INFO	Listening on 127.0.0.1:53510
1490704582039	mozprofile::profile	INFO	Using profile path /tmp/rust_mozprofile.XnV1sBkRAnZe
1490704582040	geckodriver::marionette	INFO	Starting browser /usr/bin/firefox with args []
1490704582042	geckodriver::marionette	INFO	Connecting to Marionette on localhost:39707
1490704583693	Marionette	INFO	Listening on port 39707
1490704585084	Marionette	WARN	TLS certificate errors will be ignored for this session
JavaScript error: http://www.americanflags.com/usflagdogtag.html, line 77: TypeError: $.cookie is not a function
JavaScript error: http://lib.store.yahoo.net/lib/yhst-45748600749679/ey-conversion-pixel.js, line 11: TypeError: $.cookie is not a function
1490705007249	geckodriver	INFO	Listening on 127.0.0.1:52217
1490705008325	mozprofile::profile	INFO	Using profile path /tmp/rust_mozprofile.u0RY7WpvQ69z
1490705008326	geckodriver::marionette	INFO	Starting browser /usr/bin/firefox with args []
1490705008330	geckodriver::marionette	INFO	Connecting to Marionette on localhost:39035
1490705009953	Marionette	INFO	Listening on port 39035
1490705011708	Marionette	WARN	TLS certificate errors will be ignored for this session
JavaScript error: http://www.americanflags.com/usflagdogtag.html, line 77: TypeError: $.cookie is not a function
JavaScript error: http://lib.store.yahoo.net/lib/yhst-45748600749679/ey-conversion-pixel.js, line 11: TypeError: $.cookie is not a function
JavaScript error: resource://gre/modules/commonjs/toolkit/loader.js -> resource://devtools/client/inspector/markup/markup.js, line 218: TypeError: target.tagName is undefined
1490705166081	geckodriver	INFO	Listening on 127.0.0.1:47765
1490705167159	mozprofile::profile	INFO	Using profile path /tmp/rust_mozprofile.LSE4LGByeKn1
1490705167161	geckodriver::marionette	INFO	Starting browser /usr/bin/firefox with args []
1490705167169	geckodriver::marionette	INFO	Connecting to Marionette on localhost:36600
1490705168735	Marionette	INFO	Listening on port 36600
1490705170146	Marionette	WARN	TLS certificate errors will be ignored for this session
JavaScript error: http://www.americanflags.com/usflagdogtag.html, line 77: TypeError: $.cookie is not a function
JavaScript error: http://lib.store.yahoo.net/lib/yhst-45748600749679/ey-conversion-pixel.js, line 11: TypeError: $.cookie is not a function
*************************
A coding exception was thrown and uncaught in a Task.

Full message: TypeError: NetworkError when attempting to fetch resource.
Full stack: 
*************************
*************************
A coding exception was thrown and uncaught in a Task.

Full message: TypeError: NetworkError when attempting to fetch resource.
Full stack: 
*************************
JavaScript error: http://www.americanflags.com/powmiadogtag.html, line 72: TypeError: $.cookie is not a function
JavaScript error: http://lib.store.yahoo.net/lib/yhst-45748600749679/ey-conversion-pixel.js, line 11: TypeError: $.cookie is not a function

###!!! [Child][RunMessage] Error: Channel closing: too late to send/recv, messages will be lost


###!!! [Child][RunMessage] Error: Channel closing: too late to send/recv, messages will be lost


###!!! [Child][RunMessage] Error: Channel closing: too late to send/recv, messages will be lost


###!!! [Child][MessageChannel] Error: (msgtype=0x4600AE,name=PContent::Msg_ConsoleMessage) Channel closing: too late to send/recv, messages will be lost


###!!! [Child][RunMessage] Error: Channel closing: too late to send/recv, messages will be lost


###!!! [Child][RunMessage] Error: Channel closing: too late to send/recv, messages will be lost


###!!! [Child][RunMessage] Error: Channel closing: too late to send/recv, messages will be lost


###!!! [Child][RunMessage] Error: Channel closing: too late to send/recv, messages will be lost


###!!! [Child][RunMessage] Error: Channel closing: too late to send/recv, messages will be lost


###!!! [Child][RunMessage] Error: Channel closing: too late to send/recv, messages will be lost


###!!! [Child][RunMessage] Error: Channel closing: too late to send/recv, messages will be lost


###!!! [Child][RunMessage] Error: Channel closing: too late to send/recv, messages will be lost


###!!! [Child][RunMessage] Error: Channel closing: too late to send/recv, messages will be lost

1490706781328	geckodriver	INFO	Listening on 127.0.0.1:43107
1490706782462	mozprofile::profile	INFO	Using profile path /tmp/rust_mozprofile.KH3y8EWgYy0C
1490706782463	geckodriver::marionette	INFO	Starting browser /usr/bin/firefox with args []
1490706782501	geckodriver::marionette	INFO	Connecting to Marionette on localhost:44561
1490706785881	Marionette	INFO	Listening on port 44561
1490706787470	Marionette	WARN	TLS certificate errors will be ignored for this session
JavaScript error: http://www.americanflags.com/usflagdogtag.html, line 1: ReferenceError: switchImg is not defined
JavaScript error: http://www.americanflags.com/usflagdogtag.html, line 77: TypeError: $.cookie is not a function
JavaScript error: http://lib.store.yahoo.net/lib/yhst-45748600749679/ey-conversion-pixel.js, line 11: TypeError: $.cookie is not a function
JavaScript error: http://www.americanflags.com/powmiadogtag.html, line 77: TypeError: $.cookie is not a function
JavaScript error: http://lib.store.yahoo.net/lib/yhst-45748600749679/ey-conversion-pixel.js, line 11: TypeError: $.cookie is not a function

###!!! [Child][MessageChannel] Error: (msgtype=0x4600AE,name=PContent::Msg_ConsoleMessage) Channel closing: too late to send/recv, messages will be lost

1490706857722	addons.productaddons	WARN	Failed downloading XML, status: 0, reason: error
1490707756390	geckodriver	INFO	Listening on 127.0.0.1:38163
1490707757466	mozprofile::profile	INFO	Using profile path /tmp/rust_mozprofile.H4auHhNL3Qiu
1490707757467	geckodriver::marionette	INFO	Starting browser /usr/bin/firefox with args []
1490707757469	geckodriver::marionette	INFO	Connecting to Marionette on localhost:35111
1490707759136	Marionette	INFO	Listening on port 35111
1490707760668	Marionette	WARN	TLS certificate errors will be ignored for this session
Handler function NetworkEventActorProxy.addSecurityInfo threw an exception: [Exception... "Component returned failure code: 0xc1f30001 (NS_ERROR_NOT_INITIALIZED) [nsIMessageSender.sendAsyncMessage]"  nsresult: "0xc1f30001 (NS_ERROR_NOT_INITIALIZED)"  location: "JS frame :: resource://gre/modules/commonjs/toolkit/loader.js -> resource://devtools/shared/webconsole/network-monitor.js :: NetworkEventActorProxy.methodFactory/< :: line 1660"  data: no]
Stack: NetworkEventActorProxy.methodFactory/<@resource://gre/modules/commonjs/toolkit/loader.js -> resource://devtools/shared/webconsole/network-monitor.js:1660:5
exports.makeInfallible/<@resource://gre/modules/commonjs/toolkit/loader.js -> resource://devtools/shared/ThreadSafeDevToolsUtils.js:101:14
NetworkResponseListener.prototype._getSecurityInfo<@resource://gre/modules/commonjs/toolkit/loader.js -> resource://devtools/shared/webconsole/network-monitor.js:488:5
exports.makeInfallible/<@resource://gre/modules/commonjs/toolkit/loader.js -> resource://devtools/shared/ThreadSafeDevToolsUtils.js:101:14
NetworkResponseListener.prototype.onStartRequest@resource://gre/modules/commonjs/toolkit/loader.js -> resource://devtools/shared/webconsole/network-monitor.js:429:5
Line: 1660, column: 0
console.error: 
  Handler function NetworkEventActorProxy.addSecurityInfo threw an exception: [Exception... "Component returned failure code: 0xc1f30001 (NS_ERROR_NOT_INITIALIZED) [nsIMessageSender.sendAsyncMessage]"  nsresult: "0xc1f30001 (NS_ERROR_NOT_INITIALIZED)"  location: "JS frame :: resource://gre/modules/commonjs/toolkit/loader.js -> resource://devtools/shared/webconsole/network-monitor.js :: NetworkEventActorProxy.methodFactory/< :: line 1660"  data: no]
Stack: NetworkEventActorProxy.methodFactory/<@resource://gre/modules/commonjs/toolkit/loader.js -> resource://devtools/shared/webconsole/network-monitor.js:1660:5
exports.makeInfallible/<@resource://gre/modules/commonjs/toolkit/loader.js -> resource://devtools/shared/ThreadSafeDevToolsUtils.js:101:14
NetworkResponseListener.prototype._getSecurityInfo<@resource://gre/modules/commonjs/toolkit/loader.js -> resource://devtools/shared/webconsole/network-monitor.js:488:5
exports.makeInfallible/<@resource://gre/modules/commonjs/toolkit/loader.js -> resource://devtools/shared/ThreadSafeDevToolsUtils.js:101:14
NetworkResponseListener.prototype.onStartRequest@resource://gre/modules/commonjs/toolkit/loader.js -> resource://devtools/shared/webconsole/network-monitor.js:429:5
Line: 1660, column: 0
Handler function NetworkEventActorProxy.addResponseContent threw an exception: [Exception... "Component returned failure code: 0xc1f30001 (NS_ERROR_NOT_INITIALIZED) [nsIMessageSender.sendAsyncMessage]"  nsresult: "0xc1f30001 (NS_ERROR_NOT_INITIALIZED)"  location: "JS frame :: resource://gre/modules/commonjs/toolkit/loader.js -> resource://devtools/shared/webconsole/network-monitor.js :: NetworkEventActorProxy.methodFactory/< :: line 1660"  data: no]
Stack: NetworkEventActorProxy.methodFactory/<@resource://gre/modules/commonjs/toolkit/loader.js -> resource://devtools/shared/webconsole/network-monitor.js:1660:5
exports.makeInfallible/<@resource://gre/modules/commonjs/toolkit/loader.js -> resource://devtools/shared/ThreadSafeDevToolsUtils.js:101:14
NetworkResponseListener.prototype._onComplete@resource://gre/modules/commonjs/toolkit/loader.js -> resource://devtools/shared/webconsole/network-monitor.js:621:5
NetworkResponseListener.prototype.onStreamClose@resource://gre/modules/commonjs/toolkit/loader.js -> resource://devtools/shared/webconsole/network-monitor.js:578:7
NetworkResponseListener.prototype.onInputStreamReady@resource://gre/modules/commonjs/toolkit/loader.js -> resource://devtools/shared/webconsole/network-monitor.js:669:7
Line: 1660, column: 0
console.error: 
  Handler function NetworkEventActorProxy.addResponseContent threw an exception: [Exception... "Component returned failure code: 0xc1f30001 (NS_ERROR_NOT_INITIALIZED) [nsIMessageSender.sendAsyncMessage]"  nsresult: "0xc1f30001 (NS_ERROR_NOT_INITIALIZED)"  location: "JS frame :: resource://gre/modules/commonjs/toolkit/loader.js -> resource://devtools/shared/webconsole/network-monitor.js :: NetworkEventActorProxy.methodFactory/< :: line 1660"  data: no]
Stack: NetworkEventActorProxy.methodFactory/<@resource://gre/modules/commonjs/toolkit/loader.js -> resource://devtools/shared/webconsole/network-monitor.js:1660:5
exports.makeInfallible/<@resource://gre/modules/commonjs/toolkit/loader.js -> resource://devtools/shared/ThreadSafeDevToolsUtils.js:101:14
NetworkResponseListener.prototype._onComplete@resource://gre/modules/commonjs/toolkit/loader.js -> resource://devtools/shared/webconsole/network-monitor.js:621:5
NetworkResponseListener.prototype.onStreamClose@resource://gre/modules/commonjs/toolkit/loader.js -> resource://devtools/shared/webconsole/network-monitor.js:578:7
NetworkResponseListener.prototype.onInputStreamReady@resource://gre/modules/commonjs/toolkit/loader.js -> resource://devtools/shared/webconsole/network-monitor.js:669:7
Line: 1660, column: 0
Handler function NetworkEventActorProxy.addSecurityInfo threw an exception: [Exception... "Component returned failure code: 0xc1f30001 (NS_ERROR_NOT_INITIALIZED) [nsIMessageSender.sendAsyncMessage]"  nsresult: "0xc1f30001 (NS_ERROR_NOT_INITIALIZED)"  location: "JS frame :: resource://gre/modules/commonjs/toolkit/loader.js -> resource://devtools/shared/webconsole/network-monitor.js :: NetworkEventActorProxy.methodFactory/< :: line 1660"  data: no]
Stack: NetworkEventActorProxy.methodFactory/<@resource://gre/modules/commonjs/toolkit/loader.js -> resource://devtools/shared/webconsole/network-monitor.js:1660:5
exports.makeInfallible/<@resource://gre/modules/commonjs/toolkit/loader.js -> resource://devtools/shared/ThreadSafeDevToolsUtils.js:101:14
NetworkResponseListener.prototype._getSecurityInfo<@resource://gre/modules/commonjs/toolkit/loader.js -> resource://devtools/shared/webconsole/network-monitor.js:488:5
exports.makeInfallible/<@resource://gre/modules/commonjs/toolkit/loader.js -> resource://devtools/shared/ThreadSafeDevToolsUtils.js:101:14
NetworkResponseListener.prototype.onStartRequest@resource://gre/modules/commonjs/toolkit/loader.js -> resource://devtools/shared/webconsole/network-monitor.js:429:5
Line: 1660, column: 0
console.error: 
  Handler function NetworkEventActorProxy.addSecurityInfo threw an exception: [Exception... "Component returned failure code: 0xc1f30001 (NS_ERROR_NOT_INITIALIZED) [nsIMessageSender.sendAsyncMessage]"  nsresult: "0xc1f30001 (NS_ERROR_NOT_INITIALIZED)"  location: "JS frame :: resource://gre/modules/commonjs/toolkit/loader.js -> resource://devtools/shared/webconsole/network-monitor.js :: NetworkEventActorProxy.methodFactory/< :: line 1660"  data: no]
Stack: NetworkEventActorProxy.methodFactory/<@resource://gre/modules/commonjs/toolkit/loader.js -> resource://devtools/shared/webconsole/network-monitor.js:1660:5
exports.makeInfallible/<@resource://gre/modules/commonjs/toolkit/loader.js -> resource://devtools/shared/ThreadSafeDevToolsUtils.js:101:14
NetworkResponseListener.prototype._getSecurityInfo<@resource://gre/modules/commonjs/toolkit/loader.js -> resource://devtools/shared/webconsole/network-monitor.js:488:5
exports.makeInfallible/<@resource://gre/modules/commonjs/toolkit/loader.js -> resource://devtools/shared/ThreadSafeDevToolsUtils.js:101:14
NetworkResponseListener.prototype.onStartRequest@resource://gre/modules/commonjs/toolkit/loader.js -> resource://devtools/shared/webconsole/network-monitor.js:429:5
Line: 1660, column: 0
Handler function NetworkEventActorProxy.addResponseContent threw an exception: [Exception... "Component returned failure code: 0xc1f30001 (NS_ERROR_NOT_INITIALIZED) [nsIMessageSender.sendAsyncMessage]"  nsresult: "0xc1f30001 (NS_ERROR_NOT_INITIALIZED)"  location: "JS frame :: resource://gre/modules/commonjs/toolkit/loader.js -> resource://devtools/shared/webconsole/network-monitor.js :: NetworkEventActorProxy.methodFactory/< :: line 1660"  data: no]
Stack: NetworkEventActorProxy.methodFactory/<@resource://gre/modules/commonjs/toolkit/loader.js -> resource://devtools/shared/webconsole/network-monitor.js:1660:5
exports.makeInfallible/<@resource://gre/modules/commonjs/toolkit/loader.js -> resource://devtools/shared/ThreadSafeDevToolsUtils.js:101:14
NetworkResponseListener.prototype._onComplete@resource://gre/modules/commonjs/toolkit/loader.js -> resource://devtools/shared/webconsole/network-monitor.js:621:5
NetworkResponseListener.prototype.onStreamClose@resource://gre/modules/commonjs/toolkit/loader.js -> resource://devtools/shared/webconsole/network-monitor.js:578:7
NetworkResponseListener.prototype.onInputStreamReady@resource://gre/modules/commonjs/toolkit/loader.js -> resource://devtools/shared/webconsole/network-monitor.js:669:7
Line: 1660, column: 0
console.error: 
  Handler function NetworkEventActorProxy.addResponseContent threw an exception: [Exception... "Component returned failure code: 0xc1f30001 (NS_ERROR_NOT_INITIALIZED) [nsIMessageSender.sendAsyncMessage]"  nsresult: "0xc1f30001 (NS_ERROR_NOT_INITIALIZED)"  location: "JS frame :: resource://gre/modules/commonjs/toolkit/loader.js -> resource://devtools/shared/webconsole/network-monitor.js :: NetworkEventActorProxy.methodFactory/< :: line 1660"  data: no]
Stack: NetworkEventActorProxy.methodFactory/<@resource://gre/modules/commonjs/toolkit/loader.js -> resource://devtools/shared/webconsole/network-monitor.js:1660:5
exports.makeInfallible/<@resource://gre/modules/commonjs/toolkit/loader.js -> resource://devtools/shared/ThreadSafeDevToolsUtils.js:101:14
NetworkResponseListener.prototype._onComplete@resource://gre/modules/commonjs/toolkit/loader.js -> resource://devtools/shared/webconsole/network-monitor.js:621:5
NetworkResponseListener.prototype.onStreamClose@resource://gre/modules/commonjs/toolkit/loader.js -> resource://devtools/shared/webconsole/network-monitor.js:578:7
NetworkResponseListener.prototype.onInputStreamReady@resource://gre/modules/commonjs/toolkit/loader.js -> resource://devtools/shared/webconsole/network-monitor.js:669:7
Line: 1660, column: 0
1490762420622	geckodriver	INFO	Listening on 127.0.0.1:51217
1490762421789	mozprofile::profile	INFO	Using profile path /tmp/rust_mozprofile.8LG4gcLXET1x
1490762421791	geckodriver::marionette	INFO	Starting browser /usr/bin/firefox with args []
1490762421811	geckodriver::marionette	INFO	Connecting to Marionette on localhost:45356
1490762427883	Marionette	INFO	Listening on port 45356
1490762430220	Marionette	WARN	TLS certificate errors will be ignored for this session
JavaScript error: http://www.americanflags.com/usflagdogtag.html, line 77: TypeError: $.cookie is not a function
JavaScript error: http://lib.store.yahoo.net/lib/yhst-45748600749679/ey-conversion-pixel.js, line 11: TypeError: $.cookie is not a function
JavaScript error: http://www.americanflags.com/powmiadogtag.html, line 77: TypeError: $.cookie is not a function
JavaScript error: http://lib.store.yahoo.net/lib/yhst-45748600749679/ey-conversion-pixel.js, line 11: TypeError: $.cookie is not a function
1490762496041	addons.productaddons	WARN	Failed downloading XML, status: 0, reason: error
1490763823354	geckodriver	INFO	Listening on 127.0.0.1:43404
1490763824427	mozprofile::profile	INFO	Using profile path /tmp/rust_mozprofile.hwP1f5SV3J7l
1490763824428	geckodriver::marionette	INFO	Starting browser /usr/bin/firefox with args []
1490763824432	geckodriver::marionette	INFO	Connecting to Marionette on localhost:43241
1490763825953	Marionette	INFO	Listening on port 43241
1490763827506	Marionette	WARN	TLS certificate errors will be ignored for this session
JavaScript error: http://www.americanflags.com/usflagdogtag.html, line 77: TypeError: $.cookie is not a function
JavaScript error: http://lib.store.yahoo.net/lib/yhst-45748600749679/ey-conversion-pixel.js, line 11: TypeError: $.cookie is not a function
JavaScript error: , line 0: uncaught exception: undefined
JavaScript error: , line 0: uncaught exception: undefined
JavaScript error: , line 0: uncaught exception: undefined
JavaScript error: http://www.americanflags.com/powmiadogtag.html, line 77: TypeError: $.cookie is not a function
JavaScript error: http://lib.store.yahoo.net/lib/yhst-45748600749679/ey-conversion-pixel.js, line 11: TypeError: $.cookie is not a function
1490764203673	geckodriver	INFO	Listening on 127.0.0.1:46152
1490764204746	mozprofile::profile	INFO	Using profile path /tmp/rust_mozprofile.cpSu7lzvlmoo
1490764204748	geckodriver::marionette	INFO	Starting browser /usr/bin/firefox with args []
1490764204751	geckodriver::marionette	INFO	Connecting to Marionette on localhost:42256
1490764206308	Marionette	INFO	Listening on port 42256
1490764207774	Marionette	WARN	TLS certificate errors will be ignored for this session
1490764301773	geckodriver	INFO	Listening on 127.0.0.1:48393
1490764302849	mozprofile::profile	INFO	Using profile path /tmp/rust_mozprofile.eiVUQo0SRRcf
1490764302850	geckodriver::marionette	INFO	Starting browser /usr/bin/firefox with args []
1490764302853	geckodriver::marionette	INFO	Connecting to Marionette on localhost:33837
1490764304488	Marionette	INFO	Listening on port 33837
1490764305923	Marionette	WARN	TLS certificate errors will be ignored for this session
1490765878283	geckodriver	INFO	Listening on 127.0.0.1:60694
1490765879356	mozprofile::profile	INFO	Using profile path /tmp/rust_mozprofile.LczjeYJFbVDZ
1490765879357	geckodriver::marionette	INFO	Starting browser /usr/bin/firefox with args []
1490765879361	geckodriver::marionette	INFO	Connecting to Marionette on localhost:45180
1490765880954	Marionette	INFO	Listening on port 45180
1490765882377	Marionette	WARN	TLS certificate errors will be ignored for this session
JavaScript error: http://www.americanflags.com/usflagdogtag.html, line 77: TypeError: $.cookie is not a function
JavaScript error: http://lib.store.yahoo.net/lib/yhst-45748600749679/ey-conversion-pixel.js, line 11: TypeError: $.cookie is not a function
JavaScript error: , line 0: uncaught exception: undefined
JavaScript error: , line 0: uncaught exception: undefined
JavaScript error: http://www.americanflags.com/powmiadogtag.html, line 393: SyntaxError: unterminated string literal
JavaScript error: http://www.americanflags.com/powmiadogtag.html, line 77: TypeError: $.cookie is not a function
JavaScript error: http://lib.store.yahoo.net/lib/yhst-45748600749679/ey-conversion-pixel.js, line 11: TypeError: $.cookie is not a function
1490766023254	geckodriver	INFO	Listening on 127.0.0.1:43684
1490766024333	mozprofile::profile	INFO	Using profile path /tmp/rust_mozprofile.ysOVzuVdXXAD
1490766024335	geckodriver::marionette	INFO	Starting browser /usr/bin/firefox with args []
1490766024338	geckodriver::marionette	INFO	Connecting to Marionette on localhost:36968
1490766025862	Marionette	INFO	Listening on port 36968
1490766027300	Marionette	WARN	TLS certificate errors will be ignored for this session
JavaScript error: , line 0: uncaught exception: undefined
JavaScript error: , line 0: uncaught exception: undefined
JavaScript error: http://www.americanflags.com/usflagdogtag.html, line 77: TypeError: $.cookie is not a function
JavaScript error: http://lib.store.yahoo.net/lib/yhst-45748600749679/ey-conversion-pixel.js, line 11: TypeError: $.cookie is not a function
JavaScript error: http://www.americanflags.com/powmiadogtag.html, line 77: TypeError: $.cookie is not a function
JavaScript error: http://lib.store.yahoo.net/lib/yhst-45748600749679/ey-conversion-pixel.js, line 11: TypeError: $.cookie is not a function
1490766406788	geckodriver	INFO	Listening on 127.0.0.1:46804
1490766407860	mozprofile::profile	INFO	Using profile path /tmp/rust_mozprofile.wqJ5CECnG0Ev
1490766407861	geckodriver::marionette	INFO	Starting browser /usr/bin/firefox with args []
1490766407864	geckodriver::marionette	INFO	Connecting to Marionette on localhost:34605
1490766409362	Marionette	INFO	Listening on port 34605
1490766410799	Marionette	WARN	TLS certificate errors will be ignored for this session
JavaScript error: http://www.americanflags.com/usflagdogtag.html, line 77: TypeError: $.cookie is not a function
JavaScript error: http://lib.store.yahoo.net/lib/yhst-45748600749679/ey-conversion-pixel.js, line 11: TypeError: $.cookie is not a function
JavaScript error: http://www.americanflags.com/powmiadogtag.html, line 77: TypeError: $.cookie is not a function
JavaScript error: http://lib.store.yahoo.net/lib/yhst-45748600749679/ey-conversion-pixel.js, line 11: TypeError: $.cookie is not a function
*************************
A coding exception was thrown and uncaught in a Task.

Full message: TypeError: NetworkError when attempting to fetch resource.
Full stack: 
*************************

###!!! [Child][RunMessage] Error: Channel closing: too late to send/recv, messages will be lost


###!!! [Child][RunMessage] Error: Channel closing: too late to send/recv, messages will be lost

[Child 7782] WARNING: pipe error: Broken pipe: file /build/firefox-ZWwcnj/firefox-52.0.1+build2/ipc/chromium/src/chrome/common/ipc_channel_posix.cc, line 685

###!!! [Child][RunMessage] Error: Channel closing: too late to send/recv, messages will be lost


###!!! [Child][MessageChannel] Error: (msgtype=0x4600AE,name=PContent::Msg_ConsoleMessage) Channel closing: too late to send/recv, messages will be lost


###!!! [Child][RunMessage] Error: Channel closing: too late to send/recv, messages will be lost

1491458996877	geckodriver	INFO	Listening on 127.0.0.1:43736
1491458997998	mozprofile::profile	INFO	Using profile path /tmp/rust_mozprofile.7qLHXtn973d6
1491458997999	geckodriver::marionette	INFO	Starting browser /usr/bin/firefox with args []
1491458998023	geckodriver::marionette	INFO	Connecting to Marionette on localhost:44342
1491459004695	Marionette	INFO	Listening on port 44342
1491459008113	Marionette	WARN	TLS certificate errors will be ignored for this session
JavaScript error: http://www.americanflags.com/usflagdogtag.html, line 77: TypeError: $.cookie is not a function
JavaScript error: http://lib.store.yahoo.net/lib/yhst-45748600749679/ey-conversion-pixel.js, line 11: TypeError: $.cookie is not a function
JavaScript error: http://www.americanflags.com/powmiadogtag.html, line 77: TypeError: $.cookie is not a function
JavaScript error: http://lib.store.yahoo.net/lib/yhst-45748600749679/ey-conversion-pixel.js, line 11: TypeError: $.cookie is not a function
1491459083010	addons.productaddons	WARN	Failed downloading XML, status: 0, reason: error
1491463216755	geckodriver	INFO	Listening on 127.0.0.1:33194
1491463217829	mozprofile::profile	INFO	Using profile path /tmp/rust_mozprofile.9q5vCnOCHbI8
1491463217830	geckodriver::marionette	INFO	Starting browser /usr/bin/firefox with args []
1491463217833	geckodriver::marionette	INFO	Connecting to Marionette on localhost:37357
1491463220599	Marionette	INFO	Listening on port 37357
1491463223957	Marionette	WARN	TLS certificate errors will be ignored for this session
JavaScript error: http://www.americanflags.com/usflagdogtag.html, line 77: TypeError: $.cookie is not a function
JavaScript error: http://lib.store.yahoo.net/lib/yhst-45748600749679/ey-conversion-pixel.js, line 11: TypeError: $.cookie is not a function
JavaScript error: http://www.americanflags.com/powmiadogtag.html, line 77: TypeError: $.cookie is not a function
JavaScript error: http://lib.store.yahoo.net/lib/yhst-45748600749679/ey-conversion-pixel.js, line 11: TypeError: $.cookie is not a function
1491463301133	addons.productaddons	WARN	Failed downloading via XHR, status: 0, reason: error
1491463362301	geckodriver	INFO	Listening on 127.0.0.1:49268
1491463363376	mozprofile::profile	INFO	Using profile path /tmp/rust_mozprofile.wRdhuNFeFhT7
1491463363377	geckodriver::marionette	INFO	Starting browser /usr/bin/firefox with args []
1491463363399	geckodriver::marionette	INFO	Connecting to Marionette on localhost:45223
1491463366103	Marionette	INFO	Listening on port 45223
1491463368924	Marionette	WARN	TLS certificate errors will be ignored for this session
JavaScript error: http://www.americanflags.com/usflagdogtag.html, line 77: TypeError: $.cookie is not a function
JavaScript error: http://lib.store.yahoo.net/lib/yhst-45748600749679/ey-conversion-pixel.js, line 11: TypeError: $.cookie is not a function
JavaScript error: http://www.americanflags.com/powmiadogtag.html, line 77: TypeError: $.cookie is not a function
JavaScript error: http://lib.store.yahoo.net/lib/yhst-45748600749679/ey-conversion-pixel.js, line 11: TypeError: $.cookie is not a function
1491463483247	geckodriver	INFO	Listening on 127.0.0.1:38865
1491463484321	mozprofile::profile	INFO	Using profile path /tmp/rust_mozprofile.5wtU7yG5vEWt
1491463484322	geckodriver::marionette	INFO	Starting browser /usr/bin/firefox with args []
1491463484327	geckodriver::marionette	INFO	Connecting to Marionette on localhost:45490
1491463486222	Marionette	INFO	Listening on port 45490
1491463489265	Marionette	WARN	TLS certificate errors will be ignored for this session
JavaScript error: http://www.americanflags.com/usflagdogtag.html, line 77: TypeError: $.cookie is not a function
JavaScript error: http://lib.store.yahoo.net/lib/yhst-45748600749679/ey-conversion-pixel.js, line 11: TypeError: $.cookie is not a function
JavaScript error: http://www.americanflags.com/powmiadogtag.html, line 77: TypeError: $.cookie is not a function
JavaScript error: http://lib.store.yahoo.net/lib/yhst-45748600749679/ey-conversion-pixel.js, line 11: TypeError: $.cookie is not a function
1491463578240	geckodriver	INFO	Listening on 127.0.0.1:53818
1491463579334	mozprofile::profile	INFO	Using profile path /tmp/rust_mozprofile.JYQHHonME41l
1491463579336	geckodriver::marionette	INFO	Starting browser /usr/bin/firefox with args []
1491463579340	geckodriver::marionette	INFO	Connecting to Marionette on localhost:34937
1491463581595	Marionette	INFO	Listening on port 34937
1491463584237	Marionette	WARN	TLS certificate errors will be ignored for this session
JavaScript error: http://www.americanflags.com/usflagdogtag.html, line 77: TypeError: $.cookie is not a function
JavaScript error: http://lib.store.yahoo.net/lib/yhst-45748600749679/ey-conversion-pixel.js, line 11: TypeError: $.cookie is not a function
JavaScript error: https://www.google.com/_/scs/shopping-verified-reviews-static/_/js/k=boq-shopping-verified-reviews.VerifiedReviewsGcrBootstrapJs.en_US.iigG0ppah9E.O/m=bootstrap/rt=j/d=1/rs=AC8lLkR43K6yJcF6NNS4DTlWH6Ki8zFz5g, line 39: TypeError: window.document.body is null
JavaScript error: http://www.americanflags.com/powmiadogtag.html, line 77: TypeError: $.cookie is not a function
JavaScript error: http://lib.store.yahoo.net/lib/yhst-45748600749679/ey-conversion-pixel.js, line 11: TypeError: $.cookie is not a function
1491463893737	geckodriver	INFO	Listening on 127.0.0.1:45309
1491463894813	mozprofile::profile	INFO	Using profile path /tmp/rust_mozprofile.OyXcnEArTx6w
1491463894815	geckodriver::marionette	INFO	Starting browser /usr/bin/firefox with args []
1491463894822	geckodriver::marionette	INFO	Connecting to Marionette on localhost:45504
1491463896983	Marionette	INFO	Listening on port 45504
1491463899048	Marionette	WARN	TLS certificate errors will be ignored for this session
JavaScript error: http://www.americanflags.com/usflagdogtag.html, line 77: TypeError: $.cookie is not a function
JavaScript error: http://lib.store.yahoo.net/lib/yhst-45748600749679/ey-conversion-pixel.js, line 11: TypeError: $.cookie is not a function
JavaScript error: http://www.americanflags.com/powmiadogtag.html, line 77: TypeError: $.cookie is not a function
JavaScript error: http://lib.store.yahoo.net/lib/yhst-45748600749679/ey-conversion-pixel.js, line 11: TypeError: $.cookie is not a function
1491464087500	geckodriver	INFO	Listening on 127.0.0.1:53779
1491464088593	mozprofile::profile	INFO	Using profile path /tmp/rust_mozprofile.SkZhrZ3tfqAh
1491464088594	geckodriver::marionette	INFO	Starting browser /usr/bin/firefox with args []
1491464088601	geckodriver::marionette	INFO	Connecting to Marionette on localhost:39168
1491464090763	Marionette	INFO	Listening on port 39168
1491464093866	Marionette	WARN	TLS certificate errors will be ignored for this session
JavaScript error: http://www.americanflags.com/usflagdogtag.html, line 77: TypeError: $.cookie is not a function
JavaScript error: http://lib.store.yahoo.net/lib/yhst-45748600749679/ey-conversion-pixel.js, line 11: TypeError: $.cookie is not a function
JavaScript error: http://www.americanflags.com/powmiadogtag.html, line 77: TypeError: $.cookie is not a function
JavaScript error: http://lib.store.yahoo.net/lib/yhst-45748600749679/ey-conversion-pixel.js, line 11: TypeError: $.cookie is not a function
1491464279437	geckodriver	INFO	Listening on 127.0.0.1:51467
1491464280517	mozprofile::profile	INFO	Using profile path /tmp/rust_mozprofile.9ifuzaoNJKW7
1491464280519	geckodriver::marionette	INFO	Starting browser /usr/bin/firefox with args []
1491464280521	geckodriver::marionette	INFO	Connecting to Marionette on localhost:46413
1491464282379	Marionette	INFO	Listening on port 46413
1491464284762	Marionette	WARN	TLS certificate errors will be ignored for this session
JavaScript error: http://www.americanflags.com/usflagdogtag.html, line 77: TypeError: $.cookie is not a function
JavaScript error: http://lib.store.yahoo.net/lib/yhst-45748600749679/ey-conversion-pixel.js, line 11: TypeError: $.cookie is not a function
JavaScript error: http://www.americanflags.com/powmiadogtag.html, line 393: SyntaxError: unterminated string literal
JavaScript error: http://www.americanflags.com/powmiadogtag.html, line 77: TypeError: $.cookie is not a function
JavaScript error: http://lib.store.yahoo.net/lib/yhst-45748600749679/ey-conversion-pixel.js, line 11: TypeError: $.cookie is not a function
1491464748273	geckodriver	INFO	Listening on 127.0.0.1:47470
1491464749343	mozprofile::profile	INFO	Using profile path /tmp/rust_mozprofile.VnebcrL77C1S
1491464749345	geckodriver::marionette	INFO	Starting browser /usr/bin/firefox with args []
1491464749347	geckodriver::marionette	INFO	Connecting to Marionette on localhost:37975
1491464751234	Marionette	INFO	Listening on port 37975
1491464753460	Marionette	WARN	TLS certificate errors will be ignored for this session
JavaScript error: http://www.americanflags.com/usflagdogtag.html, line 77: TypeError: $.cookie is not a function
JavaScript error: http://lib.store.yahoo.net/lib/yhst-45748600749679/ey-conversion-pixel.js, line 11: TypeError: $.cookie is not a function
JavaScript error: chrome://marionette/content/listener.js, line 921: TypeError: can't access dead object

###!!! [Child][RunMessage] Error: Channel closing: too late to send/recv, messages will be lost


###!!! [Child][RunMessage] Error: Channel closing: too late to send/recv, messages will be lost


###!!! [Child][RunMessage] Error: Channel closing: too late to send/recv, messages will be lost


###!!! [Child][RunMessage] Error: Channel closing: too late to send/recv, messages will be lost


###!!! [Child][RunMessage] Error: Channel closing: too late to send/recv, messages will be lost


###!!! [Child][RunMessage] Error: Channel closing: too late to send/recv, messages will be lost


###!!! [Child][RunMessage] Error: Channel closing: too late to send/recv, messages will be lost


###!!! [Child][RunMessage] Error: Channel closing: too late to send/recv, messages will be lost


###!!! [Child][RunMessage] Error: Channel closing: too late to send/recv, messages will be lost


###!!! [Child][RunMessage] Error: Channel closing: too late to send/recv, messages will be lost


###!!! [Child][RunMessage] Error: Channel closing: too late to send/recv, messages will be lost


###!!! [Child][RunMessage] Error: Channel closing: too late to send/recv, messages will be lost


###!!! [Child][RunMessage] Error: Channel closing: too late to send/recv, messages will be lost


###!!! [Child][RunMessage] Error: Channel closing: too late to send/recv, messages will be lost


###!!! [Child][RunMessage] Error: Channel closing: too late to send/recv, messages will be lost


###!!! [Child][RunMessage] Error: Channel closing: too late to send/recv, messages will be lost


###!!! [Child][RunMessage] Error: Channel closing: too late to send/recv, messages will be lost


###!!! [Child][RunMessage] Error: Channel closing: too late to send/recv, messages will be lost


###!!! [Child][RunMessage] Error: Channel closing: too late to send/recv, messages will be lost


###!!! [Child][RunMessage] Error: Channel closing: too late to send/recv, messages will be lost


###!!! [Child][RunMessage] Error: Channel closing: too late to send/recv, messages will be lost


###!!! [Child][RunMessage] Error: Channel closing: too late to send/recv, messages will be lost


###!!! [Child][RunMessage] Error: Channel closing: too late to send/recv, messages will be lost


###!!! [Child][RunMessage] Error: Channel closing: too late to send/recv, messages will be lost


###!!! [Child][RunMessage] Error: Channel closing: too late to send/recv, messages will be lost


###!!! [Child][RunMessage] Error: Channel closing: too late to send/recv, messages will be lost


###!!! [Child][RunMessage] Error: Channel closing: too late to send/recv, messages will be lost

1493978952891	geckodriver	INFO	Listening on 127.0.0.1:46839
1493978953996	mozprofile::profile	INFO	Using profile path /tmp/rust_mozprofile.RSIb5h2m1YfX
1493978953998	geckodriver::marionette	INFO	Starting browser /usr/bin/firefox with args []
1493978954030	geckodriver::marionette	INFO	Connecting to Marionette on localhost:40371
1493978964635	Marionette	INFO	Listening on port 40371
1493978964733	Marionette	WARN	TLS certificate errors will be ignored for this session
JavaScript error: http://www.americanflags.com/usflagdogtag.html, line 77: TypeError: $.cookie is not a function
JavaScript error: http://lib.store.yahoo.net/lib/yhst-45748600749679/ey-conversion-pixel.js, line 11: TypeError: $.cookie is not a function
JavaScript error: https://www.google.com/_/scs/shopping-verified-reviews-static/_/js/k=boq-shopping-verified-reviews.VerifiedReviewsGcrBootstrapJs.en_US.WyF9Ch4SRsA.O/m=bootstrap/rt=j/d=1/rs=AC8lLkTZOcjkKp6gquuxidXLJytPFmoheQ, line 37: TypeError: window.document.body is null
JavaScript error: http://www.americanflags.com/powmiadogtag.html, line 77: TypeError: $.cookie is not a function
JavaScript error: http://lib.store.yahoo.net/lib/yhst-45748600749679/ey-conversion-pixel.js, line 11: TypeError: $.cookie is not a function
1493979029554	Marionette	INFO	New connections will no longer be accepted
[Child 12421] WARNING: pipe error (18): Connection reset by peer: file /build/firefox-4Fdt0Z/firefox-53.0+build6/ipc/chromium/src/chrome/common/ipc_channel_posix.cc, line 346
1493979256001	geckodriver	INFO	Listening on 127.0.0.1:46643
1493979257072	mozprofile::profile	INFO	Using profile path /tmp/rust_mozprofile.pHjWMT52o5Wr
1493979257074	geckodriver::marionette	INFO	Starting browser /usr/bin/firefox with args []
1493979257077	geckodriver::marionette	INFO	Connecting to Marionette on localhost:34355
1493979262898	Marionette	INFO	Listening on port 34355
1493979263151	Marionette	WARN	TLS certificate errors will be ignored for this session
*************************
A coding exception was thrown and uncaught in a Task.

Full message: TypeError: NetworkError when attempting to fetch resource.
Full stack: 
*************************
1493979803956	geckodriver	INFO	Listening on 127.0.0.1:35859
1493979805028	mozprofile::profile	INFO	Using profile path /tmp/rust_mozprofile.N7CK6RhlLrjW
1493979805030	geckodriver::marionette	INFO	Starting browser /usr/bin/firefox with args []
1493979805033	geckodriver::marionette	INFO	Connecting to Marionette on localhost:41777
1493979810723	Marionette	INFO	Listening on port 41777
1493979810917	Marionette	WARN	TLS certificate errors will be ignored for this session
1493979821079	geckodriver	INFO	Listening on 127.0.0.1:47538
1493979822154	mozprofile::profile	INFO	Using profile path /tmp/rust_mozprofile.YgUQyw3Qsbfw
1493979822156	geckodriver::marionette	INFO	Starting browser /usr/bin/firefox with args []
1493979822159	geckodriver::marionette	INFO	Connecting to Marionette on localhost:38639
1493979827695	Marionette	INFO	Listening on port 38639
1493979827833	Marionette	WARN	TLS certificate errors will be ignored for this session
JavaScript error: http://www.americanflags.com/usflagdogtag.html, line 77: TypeError: $.cookie is not a function
JavaScript error: http://lib.store.yahoo.net/lib/yhst-45748600749679/ey-conversion-pixel.js, line 11: TypeError: $.cookie is not a function
JavaScript error: https://www.google.com/_/scs/shopping-verified-reviews-static/_/js/k=boq-shopping-verified-reviews.VerifiedReviewsGcrBootstrapJs.en_US.WyF9Ch4SRsA.O/m=bootstrap/rt=j/d=1/rs=AC8lLkTZOcjkKp6gquuxidXLJytPFmoheQ, line 37: TypeError: window.document.body is null
JavaScript error: http://www.americanflags.com/usflagdogtag.html, line 77: TypeError: $.cookie is not a function
JavaScript error: http://lib.store.yahoo.net/lib/yhst-45748600749679/ey-conversion-pixel.js, line 11: TypeError: $.cookie is not a function
1493979901531	addons.productaddons	WARN	Failed downloading via XHR, status: 0, reason: error
1493979911983	geckodriver	INFO	Listening on 127.0.0.1:40965
1493979913059	mozprofile::profile	INFO	Using profile path /tmp/rust_mozprofile.DI3h6olW3hon
1493979913061	geckodriver::marionette	INFO	Starting browser /usr/bin/firefox with args []
1493979913064	geckodriver::marionette	INFO	Connecting to Marionette on localhost:46675
1493979918273	Marionette	INFO	Listening on port 46675
1493979918406	Marionette	WARN	TLS certificate errors will be ignored for this session
JavaScript error: http://www.americanflags.com/usflagdogtag.html, line 77: TypeError: $.cookie is not a function
JavaScript error: http://lib.store.yahoo.net/lib/yhst-45748600749679/ey-conversion-pixel.js, line 11: TypeError: $.cookie is not a function
JavaScript error: https://www.google.com/_/scs/shopping-verified-reviews-static/_/js/k=boq-shopping-verified-reviews.VerifiedReviewsGcrBootstrapJs.en_US.WyF9Ch4SRsA.O/m=bootstrap/rt=j/d=1/rs=AC8lLkTZOcjkKp6gquuxidXLJytPFmoheQ, line 37: TypeError: window.document.body is null
JavaScript error: http://www.americanflags.com/powmiadogtag.html, line 77: TypeError: $.cookie is not a function
JavaScript error: http://lib.store.yahoo.net/lib/yhst-45748600749679/ey-conversion-pixel.js, line 11: TypeError: $.cookie is not a function
1493979984876	Marionette	INFO	New connections will no longer be accepted
[Child 13462] WARNING: pipe error (18): Connection reset by peer: file /build/firefox-4Fdt0Z/firefox-53.0+build6/ipc/chromium/src/chrome/common/ipc_channel_posix.cc, line 346
1493980077106	geckodriver	INFO	Listening on 127.0.0.1:54621
1493980078180	mozprofile::profile	INFO	Using profile path /tmp/rust_mozprofile.JWWpNulXCzV7
1493980078182	geckodriver::marionette	INFO	Starting browser /usr/bin/firefox with args []
1493980078185	geckodriver::marionette	INFO	Connecting to Marionette on localhost:43220
1493980083562	Marionette	INFO	Listening on port 43220
1493980083689	Marionette	WARN	TLS certificate errors will be ignored for this session
JavaScript warning: http://www.religiousgiftwarehouse.com/js/varien/product.js, line 485: unreachable code after return statement
JavaScript warning: http://www.religiousgiftwarehouse.com/js/arw/ajaxcart/configurable.js, line 291: unreachable code after return statement
*************************
A coding exception was thrown and uncaught in a Task.

Full message: TypeError: NetworkError when attempting to fetch resource.
Full stack: 
*************************
1493980934147	geckodriver	INFO	Listening on 127.0.0.1:45852
1493980935227	mozprofile::profile	INFO	Using profile path /tmp/rust_mozprofile.q5S5OZirBsxw
1493980935228	geckodriver::marionette	INFO	Starting browser /usr/bin/firefox with args []
1493980935233	geckodriver::marionette	INFO	Connecting to Marionette on localhost:36164
1493980940467	Marionette	INFO	Listening on port 36164
1493980940779	Marionette	WARN	TLS certificate errors will be ignored for this session
JavaScript error: http://www.americanflags.com/usflagdogtag.html, line 77: TypeError: $.cookie is not a function
JavaScript error: http://lib.store.yahoo.net/lib/yhst-45748600749679/ey-conversion-pixel.js, line 11: TypeError: $.cookie is not a function
JavaScript error: http://www.americanflags.com/powmiadogtag.html, line 77: TypeError: $.cookie is not a function
JavaScript error: http://lib.store.yahoo.net/lib/yhst-45748600749679/ey-conversion-pixel.js, line 11: TypeError: $.cookie is not a function
1493981011192	Marionette	INFO	New connections will no longer be accepted
1493981139012	geckodriver	INFO	Listening on 127.0.0.1:44682
1493981140084	mozprofile::profile	INFO	Using profile path /tmp/rust_mozprofile.85zzaehOFv8B
1493981140086	geckodriver::marionette	INFO	Starting browser /usr/bin/firefox with args []
1493981140089	geckodriver::marionette	INFO	Connecting to Marionette on localhost:42565
1493981145320	Marionette	INFO	Listening on port 42565
1493981145514	Marionette	WARN	TLS certificate errors will be ignored for this session
JavaScript error: http://www.americanflags.com/usflagdogtag.html, line 77: TypeError: $.cookie is not a function
JavaScript error: http://lib.store.yahoo.net/lib/yhst-45748600749679/ey-conversion-pixel.js, line 11: TypeError: $.cookie is not a function
JavaScript error: https://www.google.com/_/scs/shopping-verified-reviews-static/_/js/k=boq-shopping-verified-reviews.VerifiedReviewsGcrBootstrapJs.en_US.WyF9Ch4SRsA.O/m=bootstrap/rt=j/d=1/rs=AC8lLkTZOcjkKp6gquuxidXLJytPFmoheQ, line 37: TypeError: window.document.body is null
JavaScript error: http://www.americanflags.com/powmiadogtag.html, line 77: TypeError: $.cookie is not a function
JavaScript error: http://lib.store.yahoo.net/lib/yhst-45748600749679/ey-conversion-pixel.js, line 11: TypeError: $.cookie is not a function
1493981197270	Marionette	INFO	New connections will no longer be accepted
1493984504883	geckodriver	INFO	Listening on 127.0.0.1:46207
1493984505959	mozprofile::profile	INFO	Using profile path /tmp/rust_mozprofile.AqjHfokwbjp4
1493984505960	geckodriver::marionette	INFO	Starting browser /usr/bin/firefox with args []
1493984505964	geckodriver::marionette	INFO	Connecting to Marionette on localhost:46837
1493984512185	Marionette	INFO	Listening on port 46837
1493984512349	Marionette	WARN	TLS certificate errors will be ignored for this session
JavaScript error: http://www.americanflags.com/usflagdogtag.html, line 77: TypeError: $.cookie is not a function
JavaScript error: http://lib.store.yahoo.net/lib/yhst-45748600749679/ey-conversion-pixel.js, line 11: TypeError: $.cookie is not a function
JavaScript error: https://www.google.com/_/scs/shopping-verified-reviews-static/_/js/k=boq-shopping-verified-reviews.VerifiedReviewsGcrBootstrapJs.en_US.WyF9Ch4SRsA.O/m=bootstrap/rt=j/d=1/rs=AC8lLkTZOcjkKp6gquuxidXLJytPFmoheQ, line 37: TypeError: window.document.body is null
JavaScript error: http://www.americanflags.com/powmiadogtag.html, line 77: TypeError: $.cookie is not a function
JavaScript error: http://lib.store.yahoo.net/lib/yhst-45748600749679/ey-conversion-pixel.js, line 11: TypeError: $.cookie is not a function
1493984578918	Marionette	INFO	New connections will no longer be accepted
[Child 15520] WARNING: pipe error (18): Connection reset by peer: file /build/firefox-4Fdt0Z/firefox-53.0+build6/ipc/chromium/src/chrome/common/ipc_channel_posix.cc, line 346
[Child 15520] WARNING: pipe error (3): Connection reset by peer: file /build/firefox-4Fdt0Z/firefox-53.0+build6/ipc/chromium/src/chrome/common/ipc_channel_posix.cc, line 346
1493984937656	geckodriver	INFO	Listening on 127.0.0.1:42743
1493984938728	mozprofile::profile	INFO	Using profile path /tmp/rust_mozprofile.cIk9SefGU0VC
1493984938730	geckodriver::marionette	INFO	Starting browser /usr/bin/firefox with args []
1493984938733	geckodriver::marionette	INFO	Connecting to Marionette on localhost:36859
1493984944582	Marionette	INFO	Listening on port 36859
1493984944774	Marionette	WARN	TLS certificate errors will be ignored for this session
JavaScript error: http://www.americanflags.com/usflagdogtag.html, line 77: TypeError: $.cookie is not a function
JavaScript error: http://lib.store.yahoo.net/lib/yhst-45748600749679/ey-conversion-pixel.js, line 11: TypeError: $.cookie is not a function
JavaScript error: http://www.americanflags.com/powmiadogtag.html, line 77: TypeError: $.cookie is not a function
JavaScript error: http://lib.store.yahoo.net/lib/yhst-45748600749679/ey-conversion-pixel.js, line 11: TypeError: $.cookie is not a function
1493985002242	Marionette	INFO	New connections will no longer be accepted
1493986457919	geckodriver	INFO	Listening on 127.0.0.1:48268
1493986458994	mozprofile::profile	INFO	Using profile path /tmp/rust_mozprofile.SCqTp6kjoSZS
1493986458996	geckodriver::marionette	INFO	Starting browser /usr/bin/firefox with args []
1493986459002	geckodriver::marionette	INFO	Connecting to Marionette on localhost:33121
1493986464632	Marionette	INFO	Listening on port 33121
1493986464775	Marionette	WARN	TLS certificate errors will be ignored for this session
JavaScript error: http://www.americanflags.com/usflagdogtag.html, line 77: TypeError: $.cookie is not a function
JavaScript error: http://lib.store.yahoo.net/lib/yhst-45748600749679/ey-conversion-pixel.js, line 11: TypeError: $.cookie is not a function
JavaScript error: https://www.google.com/_/scs/shopping-verified-reviews-static/_/js/k=boq-shopping-verified-reviews.VerifiedReviewsGcrBootstrapJs.en_US.WyF9Ch4SRsA.O/m=bootstrap/rt=j/d=1/rs=AC8lLkTZOcjkKp6gquuxidXLJytPFmoheQ, line 37: TypeError: window.document.body is null
JavaScript error: http://www.americanflags.com/powmiadogtag.html, line 77: TypeError: $.cookie is not a function
JavaScript error: http://lib.store.yahoo.net/lib/yhst-45748600749679/ey-conversion-pixel.js, line 11: TypeError: $.cookie is not a function
JavaScript error: https://www.google.com/_/scs/shopping-verified-reviews-static/_/js/k=boq-shopping-verified-reviews.VerifiedReviewsGcrBootstrapJs.en_US.WyF9Ch4SRsA.O/m=bootstrap/rt=j/d=1/rs=AC8lLkTZOcjkKp6gquuxidXLJytPFmoheQ, line 37: TypeError: window.document.body is null
JavaScript error: http://www.americanflags.com/usflagdogtag.html, line 77: TypeError: $.cookie is not a function
JavaScript error: http://lib.store.yahoo.net/lib/yhst-45748600749679/ey-conversion-pixel.js, line 11: TypeError: $.cookie is not a function
JavaScript error: http://www.americanflags.com/powmiadogtag.html, line 77: TypeError: $.cookie is not a function
JavaScript error: http://lib.store.yahoo.net/lib/yhst-45748600749679/ey-conversion-pixel.js, line 11: TypeError: $.cookie is not a function
JavaScript error: https://www.google.com/_/scs/shopping-verified-reviews-static/_/js/k=boq-shopping-verified-reviews.VerifiedReviewsGcrBootstrapJs.en_US.WyF9Ch4SRsA.O/m=bootstrap/rt=j/d=1/rs=AC8lLkTZOcjkKp6gquuxidXLJytPFmoheQ, line 37: TypeError: window.document.body is null
1493986712208	geckodriver	INFO	Listening on 127.0.0.1:49609
1493986713283	mozprofile::profile	INFO	Using profile path /tmp/rust_mozprofile.PRBxtD2q5Fpm
1493986713284	geckodriver::marionette	INFO	Starting browser /usr/bin/firefox with args []
1493986713288	geckodriver::marionette	INFO	Connecting to Marionette on localhost:34134
1493986718818	Marionette	INFO	Listening on port 34134
1493986718935	Marionette	WARN	TLS certificate errors will be ignored for this session
JavaScript error: http://www.americanflags.com/usflagdogtag.html, line 77: TypeError: $.cookie is not a function
JavaScript error: http://lib.store.yahoo.net/lib/yhst-45748600749679/ey-conversion-pixel.js, line 11: TypeError: $.cookie is not a function
JavaScript error: http://www.americanflags.com/powmiadogtag.html, line 77: TypeError: $.cookie is not a function
JavaScript error: http://lib.store.yahoo.net/lib/yhst-45748600749679/ey-conversion-pixel.js, line 11: TypeError: $.cookie is not a function
JavaScript error: http://www.americanflags.com/usflagdogtag.html, line 77: TypeError: $.cookie is not a function
JavaScript error: http://lib.store.yahoo.net/lib/yhst-45748600749679/ey-conversion-pixel.js, line 11: TypeError: $.cookie is not a function
JavaScript error: http://www.americanflags.com/powmiadogtag.html, line 77: TypeError: $.cookie is not a function
JavaScript error: http://lib.store.yahoo.net/lib/yhst-45748600749679/ey-conversion-pixel.js, line 11: TypeError: $.cookie is not a function
1493987008361	geckodriver	INFO	Listening on 127.0.0.1:38050
1493987009433	mozprofile::profile	INFO	Using profile path /tmp/rust_mozprofile.Va8PIGmwj4yw
1493987009435	geckodriver::marionette	INFO	Starting browser /usr/bin/firefox with args []
1493987009438	geckodriver::marionette	INFO	Connecting to Marionette on localhost:44244
1493987015184	Marionette	INFO	Listening on port 44244
1493987015356	Marionette	WARN	TLS certificate errors will be ignored for this session
JavaScript error: http://www.americanflags.com/usflagdogtag.html, line 77: TypeError: $.cookie is not a function
JavaScript error: http://lib.store.yahoo.net/lib/yhst-45748600749679/ey-conversion-pixel.js, line 11: TypeError: $.cookie is not a function
JavaScript error: http://www.americanflags.com/powmiadogtag.html, line 77: TypeError: $.cookie is not a function
JavaScript error: http://lib.store.yahoo.net/lib/yhst-45748600749679/ey-conversion-pixel.js, line 11: TypeError: $.cookie is not a function
JavaScript error: http://www.americanflags.com/usflagdogtag.html, line 77: TypeError: $.cookie is not a function
JavaScript error: http://lib.store.yahoo.net/lib/yhst-45748600749679/ey-conversion-pixel.js, line 11: TypeError: $.cookie is not a function
JavaScript error: https://www.google.com/_/scs/shopping-verified-reviews-static/_/js/k=boq-shopping-verified-reviews.VerifiedReviewsGcrBootstrapJs.en_US.WyF9Ch4SRsA.O/m=bootstrap/rt=j/d=1/rs=AC8lLkTZOcjkKp6gquuxidXLJytPFmoheQ, line 37: TypeError: window.document.body is null
JavaScript error: http://www.americanflags.com/powmiadogtag.html, line 77: TypeError: $.cookie is not a function
JavaScript error: http://lib.store.yahoo.net/lib/yhst-45748600749679/ey-conversion-pixel.js, line 11: TypeError: $.cookie is not a function
1493987151502	geckodriver	INFO	Listening on 127.0.0.1:37429
1493987152573	mozprofile::profile	INFO	Using profile path /tmp/rust_mozprofile.6Qvjyzij62TO
1493987152574	geckodriver::marionette	INFO	Starting browser /usr/bin/firefox with args []
1493987152577	geckodriver::marionette	INFO	Connecting to Marionette on localhost:39887
1493987157958	Marionette	INFO	Listening on port 39887
1493987158030	Marionette	WARN	TLS certificate errors will be ignored for this session
JavaScript error: http://www.americanflags.com/usflagdogtag.html, line 77: TypeError: $.cookie is not a function
JavaScript error: http://lib.store.yahoo.net/lib/yhst-45748600749679/ey-conversion-pixel.js, line 11: TypeError: $.cookie is not a function
JavaScript error: http://www.americanflags.com/powmiadogtag.html, line 77: TypeError: $.cookie is not a function
JavaScript error: http://lib.store.yahoo.net/lib/yhst-45748600749679/ey-conversion-pixel.js, line 11: TypeError: $.cookie is not a function
1493987195546	Marionette	INFO	New connections will no longer be accepted
1494233197079	geckodriver	INFO	Listening on 127.0.0.1:58221
1494233198110	mozprofile::profile	INFO	Using profile path /tmp/rust_mozprofile.9AOnrmLfZIG7
1494233198112	geckodriver::marionette	INFO	Starting browser /usr/bin/firefox with args []
1494233198154	geckodriver::marionette	INFO	Connecting to Marionette on localhost:46523
1494233208983	Marionette	INFO	Listening on port 46523
1494233209113	Marionette	WARN	TLS certificate errors will be ignored for this session
[Child 10421] WARNING: pipe error (3): Connection reset by peer: file /build/firefox-4Fdt0Z/firefox-53.0+build6/ipc/chromium/src/chrome/common/ipc_channel_posix.cc, line 346
1494233922183	geckodriver	INFO	Listening on 127.0.0.1:41680
1494233923255	mozprofile::profile	INFO	Using profile path /tmp/rust_mozprofile.taK8LPzw3big
1494233923256	geckodriver::marionette	INFO	Starting browser /usr/bin/firefox with args []
1494233923260	geckodriver::marionette	INFO	Connecting to Marionette on localhost:41011
1494233929114	Marionette	INFO	Listening on port 41011
1494233929212	Marionette	WARN	TLS certificate errors will be ignored for this session
JavaScript error: http://e277b3d85f945096c6be-de29be65e24cc08c461d2e918be5184a.r34.cf2.rackcdn.com/gate.js, line 15: NS_ERROR_NOT_INITIALIZED: 

###!!! [Child][MessageChannel] Error: (msgtype=0x4A0001,name=PCrashReporter::Msg_AnnotateCrashReport) Channel error: cannot send/recv

Crash Annotation GraphicsCriticalError: |[C0][GFX1-]: Receive IPC close with reason=AbnormalShutdown (t=470.559) 
###!!! [Child][MessageChannel] Error: (msgtype=0x4400C6,name=PContent::Msg_GraphicsError) Channel error: cannot send/recv

[GFX1-]: Receive IPC close with reason=AbnormalShutdown
1494234550909	geckodriver	INFO	Listening on 127.0.0.1:53931
1494234551981	mozprofile::profile	INFO	Using profile path /tmp/rust_mozprofile.6mck6sYzYLOV
1494234551982	geckodriver::marionette	INFO	Starting browser /usr/bin/firefox with args []
1494234551986	geckodriver::marionette	INFO	Connecting to Marionette on localhost:45730
1494234557839	Marionette	INFO	Listening on port 45730
1494234558023	Marionette	WARN	TLS certificate errors will be ignored for this session
JavaScript error: http://e277b3d85f945096c6be-de29be65e24cc08c461d2e918be5184a.r34.cf2.rackcdn.com/gate.js, line 15: NS_ERROR_NOT_INITIALIZED: 
[Child 12043] WARNING: pipe error (3): Connection reset by peer: file /build/firefox-4Fdt0Z/firefox-53.0+build6/ipc/chromium/src/chrome/common/ipc_channel_posix.cc, line 346
[GFX1-]: Receive IPC close with reason=AbnormalShutdown
1494234832906	geckodriver	INFO	Listening on 127.0.0.1:60496
1494234833982	mozprofile::profile	INFO	Using profile path /tmp/rust_mozprofile.oNnlubDIjcLY
1494234833984	geckodriver::marionette	INFO	Starting browser /usr/bin/firefox with args []
1494234833989	geckodriver::marionette	INFO	Connecting to Marionette on localhost:37809
1494234839775	Marionette	INFO	Listening on port 37809
1494234839854	Marionette	WARN	TLS certificate errors will be ignored for this session
JavaScript warning: http://www.religiousgiftwarehouse.com/js/varien/product.js, line 485: unreachable code after return statement
JavaScript warning: http://www.religiousgiftwarehouse.com/js/arw/ajaxcart/configurable.js, line 291: unreachable code after return statement
JavaScript warning: http://www.religiousgiftwarehouse.com/js/varien/configurable.js, line 291: unreachable code after return statement
JavaScript warning: http://www.religiousgiftwarehouse.com/js/calendar/calendar.js, line 138: unreachable code after return statement
JavaScript warning: http://www.religiousgiftwarehouse.com/js/varien/product.js, line 485: unreachable code after return statement
JavaScript warning: http://www.religiousgiftwarehouse.com/js/arw/ajaxcart/configurable.js, line 291: unreachable code after return statement
JavaScript warning: http://www.religiousgiftwarehouse.com/js/varien/configurable.js, line 291: unreachable code after return statement
JavaScript warning: http://www.religiousgiftwarehouse.com/js/calendar/calendar.js, line 138: unreachable code after return statement
JavaScript warning: http://www.religiousgiftwarehouse.com/js/varien/product.js, line 485: unreachable code after return statement
JavaScript warning: http://www.religiousgiftwarehouse.com/js/arw/ajaxcart/configurable.js, line 291: unreachable code after return statement
JavaScript warning: http://www.religiousgiftwarehouse.com/js/varien/configurable.js, line 291: unreachable code after return statement
JavaScript warning: http://www.religiousgiftwarehouse.com/js/calendar/calendar.js, line 138: unreachable code after return statement
1494235016931	Marionette	INFO	New connections will no longer be accepted
[Child 12751] WARNING: pipe error (3): Connection reset by peer: file /build/firefox-4Fdt0Z/firefox-53.0+build6/ipc/chromium/src/chrome/common/ipc_channel_posix.cc, line 346
[GFX1-]: Receive IPC close with reason=AbnormalShutdown
1494235133594	geckodriver	INFO	Listening on 127.0.0.1:47189
1494235134666	mozprofile::profile	INFO	Using profile path /tmp/rust_mozprofile.yltEHWDlHqH9
1494235134667	geckodriver::marionette	INFO	Starting browser /usr/bin/firefox with args []
1494235134670	geckodriver::marionette	INFO	Connecting to Marionette on localhost:46142
1494235141333	Marionette	INFO	Listening on port 46142
1494235141510	Marionette	WARN	TLS certificate errors will be ignored for this session
JavaScript warning: http://www.religiousgiftwarehouse.com/js/varien/product.js, line 485: unreachable code after return statement
JavaScript warning: http://www.religiousgiftwarehouse.com/js/arw/ajaxcart/configurable.js, line 291: unreachable code after return statement
JavaScript warning: http://www.religiousgiftwarehouse.com/js/varien/configurable.js, line 291: unreachable code after return statement
JavaScript warning: http://www.religiousgiftwarehouse.com/js/calendar/calendar.js, line 138: unreachable code after return statement
JavaScript warning: http://www.religiousgiftwarehouse.com/js/varien/product.js, line 485: unreachable code after return statement
JavaScript warning: http://www.religiousgiftwarehouse.com/js/arw/ajaxcart/configurable.js, line 291: unreachable code after return statement
JavaScript warning: http://www.religiousgiftwarehouse.com/js/varien/configurable.js, line 291: unreachable code after return statement
JavaScript warning: http://www.religiousgiftwarehouse.com/js/calendar/calendar.js, line 138: unreachable code after return statement
JavaScript warning: http://www.religiousgiftwarehouse.com/js/varien/product.js, line 485: unreachable code after return statement
JavaScript warning: http://www.religiousgiftwarehouse.com/js/arw/ajaxcart/configurable.js, line 291: unreachable code after return statement
JavaScript warning: http://www.religiousgiftwarehouse.com/js/varien/configurable.js, line 291: unreachable code after return statement
JavaScript warning: http://www.religiousgiftwarehouse.com/js/calendar/calendar.js, line 138: unreachable code after return statement
1494235183671	Marionette	INFO	New connections will no longer be accepted
[Child 13096] WARNING: pipe error (3): Connection reset by peer: file /build/firefox-4Fdt0Z/firefox-53.0+build6/ipc/chromium/src/chrome/common/ipc_channel_posix.cc, line 346
1494235283860	geckodriver	INFO	Listening on 127.0.0.1:49924
1494235284936	mozprofile::profile	INFO	Using profile path /tmp/rust_mozprofile.MpZ0xBVPqWsq
1494235284937	geckodriver::marionette	INFO	Starting browser /usr/bin/firefox with args []
1494235284940	geckodriver::marionette	INFO	Connecting to Marionette on localhost:45517
1494235290838	Marionette	INFO	Listening on port 45517
1494235290990	Marionette	WARN	TLS certificate errors will be ignored for this session
JavaScript warning: http://www.religiousgiftwarehouse.com/js/varien/product.js, line 485: unreachable code after return statement
JavaScript warning: http://www.religiousgiftwarehouse.com/js/arw/ajaxcart/configurable.js, line 291: unreachable code after return statement
JavaScript warning: http://www.religiousgiftwarehouse.com/js/varien/configurable.js, line 291: unreachable code after return statement
JavaScript warning: http://www.religiousgiftwarehouse.com/js/calendar/calendar.js, line 138: unreachable code after return statement
JavaScript warning: http://www.religiousgiftwarehouse.com/js/varien/product.js, line 485: unreachable code after return statement
JavaScript warning: http://www.religiousgiftwarehouse.com/js/arw/ajaxcart/configurable.js, line 291: unreachable code after return statement
JavaScript warning: http://www.religiousgiftwarehouse.com/js/varien/configurable.js, line 291: unreachable code after return statement
JavaScript warning: http://www.religiousgiftwarehouse.com/js/calendar/calendar.js, line 138: unreachable code after return statement
JavaScript warning: http://www.religiousgiftwarehouse.com/js/varien/product.js, line 485: unreachable code after return statement
JavaScript warning: http://www.religiousgiftwarehouse.com/js/arw/ajaxcart/configurable.js, line 291: unreachable code after return statement
JavaScript warning: http://www.religiousgiftwarehouse.com/js/varien/configurable.js, line 291: unreachable code after return statement
JavaScript warning: http://www.religiousgiftwarehouse.com/js/calendar/calendar.js, line 138: unreachable code after return statement
1494235339834	Marionette	INFO	New connections will no longer be accepted
[Child 13485] WARNING: pipe error (3): Connection reset by peer: file /build/firefox-4Fdt0Z/firefox-53.0+build6/ipc/chromium/src/chrome/common/ipc_channel_posix.cc, line 346
[GFX1-]: Receive IPC close with reason=AbnormalShutdown
1494237086379	geckodriver	INFO	Listening on 127.0.0.1:44153
1494237087451	mozprofile::profile	INFO	Using profile path /tmp/rust_mozprofile.WLf4BzJenhjR
1494237087452	geckodriver::marionette	INFO	Starting browser /usr/bin/firefox with args []
1494237087455	geckodriver::marionette	INFO	Connecting to Marionette on localhost:44570
1494237093117	Marionette	INFO	Listening on port 44570
1494237093197	Marionette	WARN	TLS certificate errors will be ignored for this session
JavaScript warning: http://www.religiousgiftwarehouse.com/js/varien/product.js, line 485: unreachable code after return statement
JavaScript warning: http://www.religiousgiftwarehouse.com/js/arw/ajaxcart/configurable.js, line 291: unreachable code after return statement
JavaScript warning: http://www.religiousgiftwarehouse.com/js/varien/configurable.js, line 291: unreachable code after return statement
JavaScript warning: http://www.religiousgiftwarehouse.com/js/calendar/calendar.js, line 138: unreachable code after return statement
JavaScript warning: http://www.religiousgiftwarehouse.com/js/varien/product.js, line 485: unreachable code after return statement
JavaScript warning: http://www.religiousgiftwarehouse.com/js/arw/ajaxcart/configurable.js, line 291: unreachable code after return statement
JavaScript warning: http://www.religiousgiftwarehouse.com/js/varien/configurable.js, line 291: unreachable code after return statement
JavaScript warning: http://www.religiousgiftwarehouse.com/js/calendar/calendar.js, line 138: unreachable code after return statement
JavaScript warning: http://www.religiousgiftwarehouse.com/js/varien/product.js, line 485: unreachable code after return statement
JavaScript warning: http://www.religiousgiftwarehouse.com/js/arw/ajaxcart/configurable.js, line 291: unreachable code after return statement
JavaScript warning: http://www.religiousgiftwarehouse.com/js/varien/configurable.js, line 291: unreachable code after return statement
JavaScript warning: http://www.religiousgiftwarehouse.com/js/calendar/calendar.js, line 138: unreachable code after return statement
1494237149984	Marionette	INFO	New connections will no longer be accepted
[Child 14677] WARNING: pipe error (3): Connection reset by peer: file /build/firefox-4Fdt0Z/firefox-53.0+build6/ipc/chromium/src/chrome/common/ipc_channel_posix.cc, line 346
[GFX1-]: Receive IPC close with reason=AbnormalShutdown
1494237170440	geckodriver	INFO	Listening on 127.0.0.1:36932
1494237171511	mozprofile::profile	INFO	Using profile path /tmp/rust_mozprofile.SHhTYF4AiPal
1494237171512	geckodriver::marionette	INFO	Starting browser /usr/bin/firefox with args []
1494237171516	geckodriver::marionette	INFO	Connecting to Marionette on localhost:42335
1494237176800	Marionette	INFO	Listening on port 42335
1494237176959	Marionette	WARN	TLS certificate errors will be ignored for this session
JavaScript warning: http://www.religiousgiftwarehouse.com/js/varien/product.js, line 485: unreachable code after return statement
JavaScript warning: http://www.religiousgiftwarehouse.com/js/arw/ajaxcart/configurable.js, line 291: unreachable code after return statement
JavaScript warning: http://www.religiousgiftwarehouse.com/js/varien/configurable.js, line 291: unreachable code after return statement
JavaScript warning: http://www.religiousgiftwarehouse.com/js/calendar/calendar.js, line 138: unreachable code after return statement
JavaScript warning: http://www.religiousgiftwarehouse.com/js/varien/product.js, line 485: unreachable code after return statement
JavaScript warning: http://www.religiousgiftwarehouse.com/js/arw/ajaxcart/configurable.js, line 291: unreachable code after return statement
JavaScript warning: http://www.religiousgiftwarehouse.com/js/varien/configurable.js, line 291: unreachable code after return statement
JavaScript warning: http://www.religiousgiftwarehouse.com/js/calendar/calendar.js, line 138: unreachable code after return statement
JavaScript warning: http://www.religiousgiftwarehouse.com/js/varien/product.js, line 485: unreachable code after return statement
JavaScript warning: http://www.religiousgiftwarehouse.com/js/arw/ajaxcart/configurable.js, line 291: unreachable code after return statement
JavaScript warning: http://www.religiousgiftwarehouse.com/js/varien/configurable.js, line 291: unreachable code after return statement
JavaScript warning: http://www.religiousgiftwarehouse.com/js/calendar/calendar.js, line 138: unreachable code after return statement
1494237225712	Marionette	INFO	New connections will no longer be accepted
[Child 14873] WARNING: pipe error (3): Connection reset by peer: file /build/firefox-4Fdt0Z/firefox-53.0+build6/ipc/chromium/src/chrome/common/ipc_channel_posix.cc, line 346
[GFX1-]: Receive IPC close with reason=AbnormalShutdown
1494237326963	geckodriver	INFO	Listening on 127.0.0.1:53340
1494237328044	mozprofile::profile	INFO	Using profile path /tmp/rust_mozprofile.LCs8L60L9SKF
1494237328045	geckodriver::marionette	INFO	Starting browser /usr/bin/firefox with args []
1494237328049	geckodriver::marionette	INFO	Connecting to Marionette on localhost:40202
1494237333595	Marionette	INFO	Listening on port 40202
1494237333756	Marionette	WARN	TLS certificate errors will be ignored for this session
JavaScript warning: http://www.religiousgiftwarehouse.com/js/varien/product.js, line 485: unreachable code after return statement
JavaScript warning: http://www.religiousgiftwarehouse.com/js/arw/ajaxcart/configurable.js, line 291: unreachable code after return statement
JavaScript warning: http://www.religiousgiftwarehouse.com/js/varien/configurable.js, line 291: unreachable code after return statement
JavaScript warning: http://www.religiousgiftwarehouse.com/js/calendar/calendar.js, line 138: unreachable code after return statement
JavaScript warning: http://www.religiousgiftwarehouse.com/js/varien/product.js, line 485: unreachable code after return statement
JavaScript warning: http://www.religiousgiftwarehouse.com/js/arw/ajaxcart/configurable.js, line 291: unreachable code after return statement
JavaScript warning: http://www.religiousgiftwarehouse.com/js/varien/configurable.js, line 291: unreachable code after return statement
JavaScript warning: http://www.religiousgiftwarehouse.com/js/calendar/calendar.js, line 138: unreachable code after return statement
JavaScript warning: http://www.religiousgiftwarehouse.com/js/varien/product.js, line 485: unreachable code after return statement
JavaScript warning: http://www.religiousgiftwarehouse.com/js/arw/ajaxcart/configurable.js, line 291: unreachable code after return statement
JavaScript warning: http://www.religiousgiftwarehouse.com/js/varien/configurable.js, line 291: unreachable code after return statement
JavaScript warning: http://www.religiousgiftwarehouse.com/js/calendar/calendar.js, line 138: unreachable code after return statement
1494237383126	Marionette	INFO	New connections will no longer be accepted
[Child 15187] WARNING: pipe error (3): Connection reset by peer: file /build/firefox-4Fdt0Z/firefox-53.0+build6/ipc/chromium/src/chrome/common/ipc_channel_posix.cc, line 346
1494237480425	geckodriver	INFO	Listening on 127.0.0.1:34206
1494237481498	mozprofile::profile	INFO	Using profile path /tmp/rust_mozprofile.wzjtvgbVGiGD
1494237481499	geckodriver::marionette	INFO	Starting browser /usr/bin/firefox with args []
1494237481503	geckodriver::marionette	INFO	Connecting to Marionette on localhost:41773
1494237487296	Marionette	INFO	Listening on port 41773
1494237487498	Marionette	WARN	TLS certificate errors will be ignored for this session
JavaScript warning: http://www.religiousgiftwarehouse.com/js/varien/product.js, line 485: unreachable code after return statement
JavaScript warning: http://www.religiousgiftwarehouse.com/js/arw/ajaxcart/configurable.js, line 291: unreachable code after return statement
JavaScript warning: http://www.religiousgiftwarehouse.com/js/varien/configurable.js, line 291: unreachable code after return statement
JavaScript warning: http://www.religiousgiftwarehouse.com/js/calendar/calendar.js, line 138: unreachable code after return statement
JavaScript warning: http://www.religiousgiftwarehouse.com/js/varien/product.js, line 485: unreachable code after return statement
JavaScript warning: http://www.religiousgiftwarehouse.com/js/arw/ajaxcart/configurable.js, line 291: unreachable code after return statement
JavaScript warning: http://www.religiousgiftwarehouse.com/js/varien/configurable.js, line 291: unreachable code after return statement
JavaScript warning: http://www.religiousgiftwarehouse.com/js/calendar/calendar.js, line 138: unreachable code after return statement
JavaScript warning: http://www.religiousgiftwarehouse.com/js/varien/product.js, line 485: unreachable code after return statement
JavaScript warning: http://www.religiousgiftwarehouse.com/js/arw/ajaxcart/configurable.js, line 291: unreachable code after return statement
JavaScript warning: http://www.religiousgiftwarehouse.com/js/varien/configurable.js, line 291: unreachable code after return statement
JavaScript warning: http://www.religiousgiftwarehouse.com/js/calendar/calendar.js, line 138: unreachable code after return statement
1494237527838	Marionette	INFO	New connections will no longer be accepted
[Child 15459] WARNING: pipe error (3): Connection reset by peer: file /build/firefox-4Fdt0Z/firefox-53.0+build6/ipc/chromium/src/chrome/common/ipc_channel_posix.cc, line 346
